2023-10-09 22:18:12,336 - INFO - 李佳琦Austin 信息写入csv文件完毕，保存路径: /Users/kshao/Desktop/weibo-crawler-master/weibo/users.csv
2023-10-09 22:18:12,342 - INFO - 准备搜集 李佳琦Austin 的微博
2023-10-09 22:18:12,732 - INFO - 已获取用户 李佳琦Austin 的微博，内容为 《所有女生的offer3》第二集
护肤、美妆、卸妆都到位！#所有女生的offer# 
李佳琦Austin的微博视频
 
2023-10-09 22:18:12,733 - INFO - 已获取用户 李佳琦Austin 的微博，内容为 《所有女生的offer3》特别篇（下）
岛上谈判，背水一战！大offer，我来了！#所有女生的offer# 
李佳琦Austin的微博视频
 
2023-10-09 22:18:12,733 - INFO - 已获取用户 李佳琦Austin 的微博，内容为 《所有女生的offer3》特别篇（上）
不谈offer？和新老朋友的快乐小岛团建来咯！#所有女生的offer# 
李佳琦Austin的微博视频
 
2023-10-09 22:18:12,733 - INFO - 已获取用户 李佳琦Austin 的微博，内容为 祝福祖国，国泰民安，繁荣昌盛！#庆祝新中国成立74周年#
2023-10-09 22:18:12,734 - INFO - 已获取用户 李佳琦Austin 的微博，内容为 母婴节来咯~正在直播中，场面异常火爆，小伙伴们速来围观~
微博直播
 
2023-10-09 22:18:12,734 - INFO - 已获取用户 李佳琦Austin 的微博，内容为 铭记历史，吾辈自强！
2023-10-09 22:18:52,535 - INFO - 已获取用户 李佳琦Austin 的微博，内容为 今天没有用“所有女生”开头，因为李佳琦让大家失望了，在看这条微博的所有人，对不起。
我刚刚结束今天的工作，昨天我在直播间回应产品评论时，说了些不恰当、让大家不舒服的话。今天工作的时候我也一直在反思，在回想，如果我是评论里的那位女生，会多失望啊。
我本就是一个彩妆柜台销售员，深知大家 ...
全文
2023-10-09 22:18:52,537 - INFO - 已获取用户 李佳琦Austin 的微博，内容为 爆款好价单品推荐中~正在直播中，场面异常火爆，小伙伴们速来围观~
微博直播
 
2023-10-09 22:18:52,538 - INFO - 已获取用户 李佳琦Austin 的微博，内容为 分享在内蒙出差的趣事
就一个要求，不要截表情包[老师爱你] 
李佳琦Austin的微博视频
  
抽奖详情
 
2023-10-09 22:18:52,539 - INFO - 已获取用户 李佳琦Austin 的微博，内容为 99大促第四波来咯~正在直播中，场面异常火爆，小伙伴们速来围观~
微博直播
 
2023-10-09 22:18:52,539 - INFO - ------------------------------已获取李佳琦Austin(1968758563)的第1页微博------------------------------
2023-10-09 22:18:52,954 - INFO - 已获取用户 李佳琦Austin 的微博，内容为 99大促第三波来咯~正在直播中，场面异常火爆，小伙伴们速来围观~
微博直播
 
2023-10-09 22:18:52,955 - INFO - 已获取用户 李佳琦Austin 的微博，内容为 99大促第二波来咯~正在直播中，场面异常火爆，小伙伴们速来围观~
微博直播
 
2023-10-09 22:18:52,955 - INFO - 已获取用户 李佳琦Austin 的微博，内容为 在草原上追到的落日余晖
最近好多地方的落霞都好美呀
你们都有拍吗？ 
2023-10-09 22:18:52,955 - INFO - 已获取用户 李佳琦Austin 的微博，内容为 我好累，offer好大
今年主打我卑微 
2023-10-09 22:18:52,956 - INFO - 已获取用户 李佳琦Austin 的微博，内容为 看到了日出也看到了漫天星辰
还遇见一只很有缘的小狗
已经迫不及待回去跟你们分享这里的故事了 
2023-10-09 22:18:52,956 - INFO - 已获取用户 李佳琦Austin 的微博，内容为 全品类好物助播专场~正在直播中，场面异常火爆，小伙伴们速来围观~
微博直播
 
2023-10-09 22:18:52,956 - INFO - 已获取用户 李佳琦Austin 的微博，内容为 个护家清小专场来咯~正在直播中，场面异常火爆，小伙伴们速来围观~
微博直播
 
2023-10-09 22:18:52,957 - INFO - 已获取用户 李佳琦Austin 的微博，内容为 是接到大广告的女明星nene了！
 
2023-10-09 22:18:52,957 - INFO - 已获取用户 李佳琦Austin 的微博，内容为  
2023-10-09 22:18:52,957 - INFO - 已获取用户 李佳琦Austin 的微博，内容为 在优时颜微笑照相馆，我遇见了几位特别的女生。这是镜头里记录下的，属于她们的微笑故事……#李佳琦在照相馆打工# 
李佳琦Austin的微博视频
 
2023-10-09 22:18:52,957 - INFO - ------------------------------已获取李佳琦Austin(1968758563)的第2页微博------------------------------
2023-10-09 22:19:03,129 - INFO - ------------------------------已获取李佳琦Austin(1968758563)的第3页微博------------------------------
2023-10-09 22:19:03,131 - INFO - 20条微博写入csv文件完毕,保存路径:
2023-10-09 22:19:03,131 - INFO - /Users/kshao/Desktop/weibo-crawler-master/weibo/李佳琦Austin/1968758563.csv
2023-10-09 22:19:03,134 - INFO - 正在下载评论 微博id:4954901345207820
2023-10-09 22:19:08,848 - WARNING - 未能抓取完整评论 微博id: 4954901345207820
2023-10-09 22:19:13,861 - INFO - 正在下载转发 微博id:4954901345207820
2023-10-09 22:19:13,997 - WARNING - 未能抓取完整转发 微博id: 4954901345207820
2023-10-09 22:19:20,011 - INFO - 正在下载评论 微博id:4954599356893911
2023-10-09 22:19:22,545 - WARNING - 未能抓取完整评论 微博id: 4954599356893911
2023-10-09 22:19:28,557 - INFO - 正在下载转发 微博id:4954599356893911
2023-10-09 22:19:28,705 - WARNING - 未能抓取完整转发 微博id: 4954599356893911
2023-10-09 22:19:34,717 - INFO - 正在下载评论 微博id:4954538954459468
2023-10-09 22:19:40,297 - WARNING - 未能抓取完整评论 微博id: 4954538954459468
2023-10-09 22:19:43,308 - INFO - 正在下载转发 微博id:4954538954459468
2023-10-09 22:19:43,452 - WARNING - 未能抓取完整转发 微博id: 4954538954459468
2023-10-09 22:19:46,467 - INFO - 正在下载评论 微博id:4951837645210914
2023-10-09 22:19:52,100 - WARNING - 未能抓取完整评论 微博id: 4951837645210914
2023-10-09 22:19:58,107 - INFO - 正在下载转发 微博id:4951837645210914
2023-10-09 22:19:58,212 - WARNING - 未能抓取完整转发 微博id: 4951837645210914
2023-10-09 22:20:02,223 - INFO - 正在下载评论 微博id:4947773079158815
2023-10-09 22:20:03,889 - WARNING - 未能抓取完整评论 微博id: 4947773079158815
2023-10-09 22:20:09,902 - INFO - 正在下载转发 微博id:4947773079158815
2023-10-09 22:20:10,031 - WARNING - 未能抓取完整转发 微博id: 4947773079158815
2023-10-09 22:20:16,043 - INFO - 正在下载评论 微博id:4947320250303612
2023-10-09 22:20:21,817 - WARNING - 未能抓取完整评论 微博id: 4947320250303612
2023-10-09 22:20:27,830 - INFO - 正在下载转发 微博id:4947320250303612
2023-10-09 22:20:28,947 - WARNING - 未能抓取完整转发 微博id: 4947320250303612
2023-10-09 22:20:31,959 - INFO - 正在下载评论 微博id:4944598297740136
2023-10-09 22:20:35,997 - WARNING - 未能抓取完整评论 微博id: 4944598297740136
2023-10-09 22:20:42,012 - INFO - 正在下载转发 微博id:4944598297740136
2023-10-09 22:20:42,196 - WARNING - 未能抓取完整转发 微博id: 4944598297740136
2023-10-09 22:20:47,204 - INFO - 正在下载评论 微博id:4944482783466211
2023-10-09 22:20:51,067 - WARNING - 未能抓取完整评论 微博id: 4944482783466211
2023-10-09 22:20:56,097 - INFO - 正在下载转发 微博id:4944482783466211
2023-10-09 22:20:56,283 - WARNING - 未能抓取完整转发 微博id: 4944482783466211
2023-10-09 22:21:02,302 - INFO - 正在下载评论 微博id:4944399279327480
2023-10-09 22:21:04,124 - WARNING - 未能抓取完整评论 微博id: 4944399279327480
2023-10-09 22:21:07,142 - INFO - 正在下载转发 微博id:4944399279327480
2023-10-09 22:21:07,307 - WARNING - 未能抓取完整转发 微博id: 4944399279327480
2023-10-09 22:21:12,325 - INFO - 正在下载评论 微博id:4944106116617230
2023-10-09 22:21:15,104 - WARNING - 未能抓取完整评论 微博id: 4944106116617230
2023-10-09 22:21:18,125 - INFO - 正在下载转发 微博id:4944106116617230
2023-10-09 22:21:18,721 - WARNING - 未能抓取完整转发 微博id: 4944106116617230
2023-10-09 22:21:18,737 - INFO - 正在下载评论 微博id:4943743373543979
2023-10-09 22:21:23,949 - WARNING - 未能抓取完整评论 微博id: 4943743373543979
2023-10-09 22:21:26,971 - INFO - 正在下载转发 微博id:4943743373543979
2023-10-09 22:21:27,130 - WARNING - 未能抓取完整转发 微博id: 4943743373543979
2023-10-09 22:21:30,142 - INFO - 正在下载评论 微博id:4943380536888053
2023-10-09 22:21:32,899 - WARNING - 未能抓取完整评论 微博id: 4943380536888053
2023-10-09 22:21:36,923 - INFO - 正在下载转发 微博id:4943380536888053
2023-10-09 22:21:37,064 - WARNING - 未能抓取完整转发 微博id: 4943380536888053
2023-10-09 22:21:43,077 - INFO - 正在下载评论 微博id:4942689130777902
2023-10-09 22:21:45,999 - WARNING - 未能抓取完整评论 微博id: 4942689130777902
2023-10-09 22:21:50,021 - INFO - 正在下载转发 微博id:4942689130777902
2023-10-09 22:21:50,173 - WARNING - 未能抓取完整转发 微博id: 4942689130777902
2023-10-09 22:21:54,192 - INFO - 正在下载评论 微博id:4941589158040584
2023-10-09 22:22:04,589 - WARNING - 未能抓取完整评论 微博id: 4941589158040584
2023-10-09 22:22:10,617 - INFO - 正在下载转发 微博id:4941589158040584
2023-10-09 22:22:12,467 - WARNING - 未能抓取完整转发 微博id: 4941589158040584
2023-10-09 22:22:17,486 - INFO - 正在下载评论 微博id:4939296124966079
2023-10-09 22:22:21,364 - WARNING - 未能抓取完整评论 微博id: 4939296124966079
2023-10-09 22:22:25,387 - INFO - 正在下载转发 微博id:4939296124966079
2023-10-09 22:22:25,642 - WARNING - 未能抓取完整转发 微博id: 4939296124966079
2023-10-09 22:22:30,664 - INFO - 正在下载评论 微博id:4939047052512312
2023-10-09 22:22:36,842 - WARNING - 未能抓取完整评论 微博id: 4939047052512312
2023-10-09 22:22:41,867 - INFO - 正在下载转发 微博id:4939047052512312
2023-10-09 22:22:42,059 - WARNING - 未能抓取完整转发 微博id: 4939047052512312
2023-10-09 22:22:46,073 - INFO - 正在下载评论 微博id:4938684654161409
2023-10-09 22:22:47,935 - WARNING - 未能抓取完整评论 微博id: 4938684654161409
2023-10-09 22:22:52,953 - INFO - 正在下载转发 微博id:4938684654161409
2023-10-09 22:22:53,157 - WARNING - 未能抓取完整转发 微博id: 4938684654161409
2023-10-09 22:22:56,179 - INFO - 正在下载评论 微博id:4938031813363713
2023-10-09 22:22:58,017 - WARNING - 未能抓取完整评论 微博id: 4938031813363713
2023-10-09 22:23:04,037 - INFO - 正在下载转发 微博id:4938031813363713
2023-10-09 22:23:04,163 - WARNING - 未能抓取完整转发 微博id: 4938031813363713
2023-10-09 22:23:09,179 - INFO - 正在下载评论 微博id:4936122667107855
2023-10-09 22:23:10,892 - WARNING - 未能抓取完整评论 微博id: 4936122667107855
2023-10-09 22:23:15,910 - INFO - 正在下载转发 微博id:4936122667107855
2023-10-09 22:23:16,060 - WARNING - 未能抓取完整转发 微博id: 4936122667107855
2023-10-09 22:23:22,072 - INFO - 正在下载评论 微博id:4934622733141145
2023-10-09 22:23:25,715 - WARNING - 未能抓取完整评论 微博id: 4934622733141145
2023-10-09 22:23:28,733 - INFO - 正在下载转发 微博id:4934622733141145
2023-10-09 22:23:28,905 - WARNING - 未能抓取完整转发 微博id: 4934622733141145
2023-10-09 22:23:28,918 - INFO - 即将进行原创微博图片下载
2023-10-09 22:23:50,028 - INFO - 原创微博图片下载完毕,保存路径:
2023-10-09 22:23:50,028 - INFO - /Users/kshao/Desktop/weibo-crawler-master/weibo/李佳琦Austin/img/原创微博图片
2023-10-09 22:23:50,028 - INFO - 即将进行原创微博视频下载
2023-10-09 22:25:32,063 - INFO - 原创微博视频下载完毕,保存路径:
2023-10-09 22:25:32,063 - INFO - /Users/kshao/Desktop/weibo-crawler-master/weibo/李佳琦Austin/video/原创微博视频
2023-10-09 22:25:32,064 - INFO - 微博爬取完成，共爬取20条微博
2023-10-09 22:25:32,064 - INFO - 信息抓取完毕
2023-10-09 22:25:32,064 - INFO - ****************************************************************************************************
2023-10-09 22:25:32,064 - INFO - 短暂sleep 47秒，避免被ban
2023-10-09 22:26:19,069 - INFO - sleep结束
2023-10-09 22:26:19,345 - INFO - 花西子Florasis 信息写入csv文件完毕，保存路径: /Users/kshao/Desktop/weibo-crawler-master/weibo/users.csv
2023-10-09 22:26:19,350 - INFO - 准备搜集 花西子Florasis 的微博
2023-10-09 22:26:19,571 - INFO - 已获取用户 花西子Florasis 的微博，内容为 曲水流「香」，礼待天下。
隐园-萧山国际机场季节快闪店来了！
从T4航站楼国际出发区出发，踏上花西子的“丝绸之路”。#花西子妆点亚运##花西子隐园东方待客之道# 
花西子Florasis的微博视频
 
2023-10-09 22:26:19,571 - INFO - 已获取用户 花西子Florasis 的微博，内容为 桂香袅袅，故里逢秋时。
月光皎皎，团圆在中秋。
中秋节至，月满人间；岁月明朗，月圆人安。
花西子与卿共赏月圆，祝卿中秋喜乐，事事如愿~#中秋节# 
2023-10-09 22:26:19,572 - INFO - 已获取用户 花西子Florasis 的微博，内容为 在东方园林，见证曲水流香 #花西子妆点亚运##花西子隐园东方待客之道# 
花西子Florasis的微博视频
 
2023-10-09 22:26:19,572 - INFO - 已获取用户 花西子Florasis 的微博，内容为 #我有一个梦想# 
为国货之崛起而奋斗！祝大家双节快乐！
                         ——国货助梦大使 花西子 
2023-10-09 22:26:19,573 - INFO - 已获取用户 花西子Florasis 的微博，内容为 #我有一个梦想#很开心能通过彩妆向世界讲述中国故事，让更多人看到国货，认可东方之美。花西子会继续努力做好产品，在海外传扬文化自信，让世界欣赏东方美。
2023-10-09 22:26:19,574 - INFO - 已获取用户 花西子Florasis 的微博，内容为 #我有一个梦想#我，花西子，6岁半，我有一个梦想，做一个立足本土，走向世界的高端品牌。 
2023-10-09 22:26:19,574 - INFO - 已获取用户 花西子Florasis 的微博，内容为 东方之美，妆点亚运。
作为杭州亚运会官方供应商，花西子走进亚运开幕式化妆间，为开幕式演员和嘉宾们提供妆容服务，以东方之美妆点亚运。
花西子与卿共同期待在世界舞台上展现不一样的东方魅力，共同为亚运力量喝彩！#花西子妆点亚运##杭州亚运会# 
2023-10-09 22:27:00,175 - INFO - 已获取用户 花西子Florasis 的微博，内容为 曲水流「香」，礼待天下。
花西子西湖隐园·曲水流香限定「上新」！
从曲水流觞，到曲水流香，王羲之《兰亭集序》中的风雅流传至今；
从全亚洲，来到杭州，有朋自远方来，在隐园遇见中国之美；
从过去，走到未来，亚运文化展在隐园展现三代中国亚运风采……
迎天下客，也等卿来。#花西子妆点亚运#  ...
全文
2023-10-09 22:27:00,177 - INFO - 已获取用户 花西子Florasis 的微博，内容为 有奖征集！送礼盒和眉笔！【转发】即可参与～
大家近期的支持与建议，小西都收到了～为更好地服务大家，我们将抽100位送美妆礼盒，另外再抽10000人来体验我们的眉笔，诚恳地向大家征集使用反馈。
9月23日-9月24日陆续开奖！#花西子发声# 
2023-10-09 22:27:00,177 - INFO - ------------------------------已获取花西子Florasis(6336556296)的第1页微博------------------------------
2023-10-09 22:27:00,476 - INFO - 已获取用户 花西子Florasis 的微博，内容为 感谢大家一直以来对花西子的关注和支持，抱歉我们来晚了，有几句掏心窝子的话想跟大家说。 
2023-10-09 22:27:00,476 - INFO - 已获取用户 花西子Florasis 的微博，内容为 亚运开幕在即！与卿共期盛事
杭州亚运会官方供应商花西子，为所有运动健儿们加油！我们杭州见~#杭州亚运会开幕倒计时10天##东方礼玉 妆点亚运# 
花西子Florasis的微博视频
 
2023-10-09 22:27:00,476 - INFO - 已获取用户 花西子Florasis 的微博，内容为 ó 8   g  N  ¨R  
2023-10-09 22:27:42,184 - INFO - 已获取用户 花西子Florasis 的微博，内容为 曲水流「香」，礼待天下。
一千六百多年前，书法家王羲之与众雅士在兰亭清溪两旁席地而坐，酒觞从上游徐徐而下，杯停则饮。
而今，这一具酒觞，穿过了一千六百多年的历史长河，停在了杭州西子湖畔花西子隐园。
今日，隐园不提供酒，但水中有香，以香待客，这是隐园的待客之道。
曲水流香迎雅客，妆点隐 ...
全文
2023-10-09 22:27:42,186 - INFO - 已获取用户 花西子Florasis 的微博，内容为 温柔有力，清丽俊逸~
花西子祝东方国色大使@唐诗逸Sy 生日快乐！愿糖糖乘风破浪，一路光芒万丈✨#唐诗逸0906生日快乐# 
2023-10-09 22:27:42,187 - INFO - 已获取用户 花西子Florasis 的微博，内容为 东方礼「玉」，礼待天下。
以玉为礼，宜赠佳人；以玉为妆，妆点亚运。
花西子以玉为灵感，取其形，取其意，温润于外，坚韧于内，甄选玉养系列精品，打造「玉」见东方妆奁，
致敬亚运赛场上的每一份精彩。也愿卿淡妆浓抹，皆有雅致玉容。#花西子妆点亚运# #花西子隐园东方待客之道# 
2023-10-09 22:28:27,891 - INFO - 已获取用户 花西子Florasis 的微博，内容为 薪火相传，礼待天下。
花西子隐园-亚运文化展今日开启，共同见证“中国亚运”三十载！
从1990年到2023年，
从北京到广州，再到杭州，#花西子亚运文化展#集三届亚运文化藏品于隐园，
更有熊猫盼盼、乐羊羊以及莲莲、琮琮、宸宸，三代亚运会吉祥物空降现场，
用心为卿打造沉浸式亚运文化空间。
本展将于 ...
全文
2023-10-09 22:28:27,893 - INFO - 已获取用户 花西子Florasis 的微博，内容为 花西子隐园“张敞画眉”名场面美照大曝光！
少年“张敞”穿越而来，手持眉笔为卿描绘眉间浪漫七夕之日，才子佳人共赴隐园，画眉传情快来一起回顾一场“东方式浪漫”吧~#张敞画眉#  #花西子西湖隐园# #七夕# 
2023-10-09 22:28:27,895 - INFO - 已获取用户 花西子Florasis 的微博，内容为 古有“张敞画眉”，描绘眉间浪漫诗意
今有隐园花季少年，解锁眉间互动惊喜
七夕佳节与卿在花西子西湖隐园，线下偶遇少年“张敞”，现场一起演绎东方式浪漫~ #张敞画眉# #花西子西湖隐园# 
花西子Florasis的微博视频
 
2023-10-09 22:28:27,897 - INFO - 已获取用户 花西子Florasis 的微博，内容为 七夕同心锁卿意，爱意相随心不移。
七夕佳节，以锁传情，锁定朝夕，花西子与卿共赴岁岁年年。
愿卿遇良人，同心共白头～#一生锁爱永结同心# #七夕# #表白# 
花西子Florasis的微博视频
 
2023-10-09 22:28:27,897 - INFO - ------------------------------已获取花西子Florasis(6336556296)的第2页微博------------------------------
2023-10-09 22:28:38,105 - INFO - 已获取用户 花西子Florasis 的微博，内容为 2万份七夕定制鲜花，予卿浪漫，爱意生花~@花点时间的店 @花西子Florasis 带来七夕品牌联合福利，8月12日~8月22日购指定礼盒可享定制鲜花一束，全网限量2万份，即日起赠完即止！
戳图了解活动详情，立即参与！以花传情，爱意长存~ 
2023-10-09 22:29:20,728 - INFO - 已获取用户 花西子Florasis 的微博，内容为 以妆传情，永结同心。
七夕超有氛围的约会妆容来啦！花西子以月老锦红线为灵感，打造“人面桃花相映红”的浪漫七夕氛围，以妆传情，愿卿一生永结同心，甜甜蜜蜜。
❤线下用户：2023年8月20日-8月22日，即可至花西子西湖隐园门店，现场体验 「红线七夕妆」。七夕当天，还可至门店解锁“才子佳人”亲密 ...
全文
2023-10-09 22:30:00,375 - INFO - 已获取用户 花西子Florasis 的微博，内容为 七夕沉浸式开箱来咯！花西子全球品牌大使@白鹿my 上脸给大家试色，快来抄作业吧！
七夕限定的花西子东方妆奁（七夕小粉版），外观配色采用粉色拉丝纹理，浪漫又少女心，搭配PU皮材质制作，手感柔软舒适，质感高级；不仅是礼盒还是精致的首饰盒哦，真的美观又实用，节日氛围感满满～里面都是花西子明星 ...
全文
2023-10-09 22:30:47,979 - INFO - 已获取用户 花西子Florasis 的微博，内容为 缘定七夕，浪漫予礼。这个七夕和@白鹿my 一起，来得物搜索“花西子”，浪漫好礼等您来！更有满减满赠多种优惠，这个七夕得物花西子助您浪漫告白~
网页链接
 @得物app关注@花西子Florasis 评论并转发，8月23日抽3位幸运花伴送花西子小黛纱唇纱（复古浆红）一支~愿卿在#七夕#以礼传情，爱意无 ...
全文
2023-10-09 22:30:47,981 - INFO - 已获取用户 花西子Florasis 的微博，内容为 缘定七夕，浪漫予你。每一份礼物背后精心挑选的过程，都是#对你的爱这么大#的见证。
佳礼早到家，就选【花西子京东自营旗舰店】，8月16日晚更有花西子首席内容官福利互动，直播间抽万元大奖。#爱让好物 成为礼物#  #爱美尖子生# #京妆大牌# 
网页链接
 @京东美妆 
2023-10-09 22:31:21,595 - INFO - 已获取用户 花西子Florasis 的微博，内容为 为爱加码就送花西子七夕限定礼！
8月14日-8月16日京东京妆大牌享福利！领券爆品至高减50元，赠爱人、赠挚友、赠自己，来【花西子京东自营旗舰店】，花西子品牌挚友、人气偶像@孙珍妮的微博 为您推荐专属好礼，送礼无忧~#爱让好物 成为礼物# #爱美尖子生# #京妆大牌# 
网页链接
 @京东美妆  ...
全文
2023-10-09 22:31:21,597 - INFO - 已获取用户 花西子Florasis 的微博，内容为 花式示爱，浪漫不停。
8月14日-8月16日京东花西子京妆大牌甜蜜来袭，花西子品花官@李若彤 邀您来【花西子京东自营旗舰店】购东方爱情礼，尽释浓情爱意~#爱让好物 成为礼物#  #爱美尖子生# #京妆大牌#@京东美妆  
网页链接
 
花西子Florasis的微博视频
 
2023-10-09 22:32:04,189 - INFO - 已获取用户 花西子Florasis 的微博，内容为 ó í~  Q  ;u  	w  KN  ¦~  ÿ  ã    jm  +o  }Y  
2023-10-09 22:32:04,191 - INFO - 已获取用户 花西子Florasis 的微博，内容为 ó 7   g  N  ¨R  
2023-10-09 22:32:04,192 - INFO - ------------------------------已获取花西子Florasis(6336556296)的第3页微博------------------------------
2023-10-09 22:32:04,198 - INFO - 28条微博写入csv文件完毕,保存路径:
2023-10-09 22:32:04,198 - INFO - /Users/kshao/Desktop/weibo-crawler-master/weibo/花西子Florasis/6336556296.csv
2023-10-09 22:32:04,201 - INFO - 正在下载评论 微博id:4952319584633555
2023-10-09 22:32:08,774 - WARNING - 未能抓取完整评论 微博id: 4952319584633555
2023-10-09 22:32:14,786 - INFO - 正在下载转发 微博id:4952319584633555
2023-10-09 22:32:14,881 - WARNING - 未能抓取完整转发 微博id: 4952319584633555
2023-10-09 22:32:20,890 - INFO - 正在下载评论 微博id:4951232164923466
2023-10-09 22:32:24,491 - WARNING - 未能抓取完整评论 微博id: 4951232164923466
2023-10-09 22:32:28,507 - INFO - 正在下载转发 微博id:4951232164923466
2023-10-09 22:32:28,620 - WARNING - 未能抓取完整转发 微博id: 4951232164923466
2023-10-09 22:32:33,633 - INFO - 正在下载评论 微博id:4951046352799362
2023-10-09 22:32:38,229 - WARNING - 未能抓取完整评论 微博id: 4951046352799362
2023-10-09 22:32:43,241 - INFO - 正在下载转发 微博id:4951046352799362
2023-10-09 22:32:43,396 - WARNING - 未能抓取完整转发 微博id: 4951046352799362
2023-10-09 22:32:47,410 - INFO - 正在下载评论 微博id:4950979764290708
2023-10-09 22:32:51,038 - WARNING - 未能抓取完整评论 微博id: 4950979764290708
2023-10-09 22:32:57,053 - INFO - 正在下载转发 微博id:4950979764290708
2023-10-09 22:32:57,148 - WARNING - 未能抓取完整转发 微博id: 4950979764290708
2023-10-09 22:33:03,158 - INFO - 正在下载评论 微博id:4950689005965213
2023-10-09 22:33:07,857 - WARNING - 未能抓取完整评论 微博id: 4950689005965213
2023-10-09 22:33:13,867 - INFO - 正在下载转发 微博id:4950689005965213
2023-10-09 22:33:14,032 - WARNING - 未能抓取完整转发 微博id: 4950689005965213
2023-10-09 22:33:20,048 - INFO - 正在下载评论 微博id:4950264111433993
2023-10-09 22:33:24,640 - WARNING - 未能抓取完整评论 微博id: 4950264111433993
2023-10-09 22:33:28,665 - INFO - 正在下载转发 微博id:4950264111433993
2023-10-09 22:33:28,768 - WARNING - 未能抓取完整转发 微博id: 4950264111433993
2023-10-09 22:33:32,779 - INFO - 正在下载评论 微博id:4949223487837570
2023-10-09 22:33:35,314 - WARNING - 未能抓取完整评论 微博id: 4949223487837570
2023-10-09 22:33:41,326 - INFO - 正在下载转发 微博id:4949223487837570
2023-10-09 22:33:41,403 - WARNING - 未能抓取完整转发 微博id: 4949223487837570
2023-10-09 22:33:44,413 - INFO - 正在下载评论 微博id:4948904833190636
2023-10-09 22:33:50,086 - WARNING - 未能抓取完整评论 微博id: 4948904833190636
2023-10-09 22:33:55,100 - INFO - 正在下载转发 微博id:4948904833190636
2023-10-09 22:33:55,272 - WARNING - 未能抓取完整转发 微博id: 4948904833190636
2023-10-09 22:33:59,284 - INFO - 正在下载评论 微博id:4947752490635426
2023-10-09 22:34:04,037 - WARNING - 未能抓取完整评论 微博id: 4947752490635426
2023-10-09 22:34:08,049 - INFO - 正在下载转发 微博id:4947752490635426
2023-10-09 22:34:08,219 - WARNING - 未能抓取完整转发 微博id: 4947752490635426
2023-10-09 22:34:12,230 - INFO - 正在下载评论 微博id:4947738510229678
2023-10-09 22:34:13,850 - WARNING - 未能抓取完整评论 微博id: 4947738510229678
2023-10-09 22:34:17,872 - INFO - 正在下载转发 微博id:4947738510229678
2023-10-09 22:34:17,961 - WARNING - 未能抓取完整转发 微博id: 4947738510229678
2023-10-09 22:34:17,964 - INFO - 正在下载评论 微博id:4945447083574267
2023-10-09 22:34:20,540 - WARNING - 未能抓取完整评论 微博id: 4945447083574267
2023-10-09 22:34:25,553 - INFO - 正在下载转发 微博id:4945447083574267
2023-10-09 22:34:25,988 - ERROR - HTTPSConnectionPool(host='m.weibo.cn', port=443): Max retries exceeded with url: /api/statuses/repostTimeline?id=4945447083574267&page=1 (Caused by SSLError(SSLEOFError(8, 'EOF occurred in violation of protocol (_ssl.c:1129)')))
urllib3.exceptions.SSLError: EOF occurred in violation of protocol (_ssl.c:1129)

The above exception was the direct cause of the following exception:

Traceback (most recent call last):
  File "/Users/kshao/Desktop/weibo-crawler-master/venv/lib/python3.9/site-packages/requests/adapters.py", line 486, in send
    resp = conn.urlopen(
  File "/Users/kshao/Desktop/weibo-crawler-master/venv/lib/python3.9/site-packages/urllib3/connectionpool.py", line 844, in urlopen
    retries = retries.increment(
  File "/Users/kshao/Desktop/weibo-crawler-master/venv/lib/python3.9/site-packages/urllib3/util/retry.py", line 515, in increment
    raise MaxRetryError(_pool, url, reason) from reason  # type: ignore[arg-type]
urllib3.exceptions.MaxRetryError: HTTPSConnectionPool(host='m.weibo.cn', port=443): Max retries exceeded with url: /api/statuses/repostTimeline?id=4945447083574267&page=1 (Caused by SSLError(SSLEOFError(8, 'EOF occurred in violation of protocol (_ssl.c:1129)')))

During handling of the above exception, another exception occurred:

Traceback (most recent call last):
  File "/Users/kshao/Desktop/weibo-crawler-master/weibo.py", line 1965, in get_pages
    self.write_data(wrote_count)  # 将剩余不足20页的微博写入文件
  File "/Users/kshao/Desktop/weibo-crawler-master/weibo.py", line 1915, in write_data
    self.weibo_to_sqlite(wrote_count)
  File "/Users/kshao/Desktop/weibo-crawler-master/weibo.py", line 1618, in weibo_to_sqlite
    self.get_weibo_reposts(
  File "/Users/kshao/Desktop/weibo-crawler-master/weibo.py", line 919, in get_weibo_reposts
    self._get_weibo_reposts_cookie(weibo, 0, max_count, 1, on_downloaded)
  File "/Users/kshao/Desktop/weibo-crawler-master/weibo.py", line 1056, in _get_weibo_reposts_cookie
    req = requests.get(
  File "/Users/kshao/Desktop/weibo-crawler-master/venv/lib/python3.9/site-packages/requests/api.py", line 73, in get
    return request("get", url, params=params, **kwargs)
  File "/Users/kshao/Desktop/weibo-crawler-master/venv/lib/python3.9/site-packages/requests/api.py", line 59, in request
    return session.request(method=method, url=url, **kwargs)
  File "/Users/kshao/Desktop/weibo-crawler-master/venv/lib/python3.9/site-packages/requests/sessions.py", line 589, in request
    resp = self.send(prep, **send_kwargs)
  File "/Users/kshao/Desktop/weibo-crawler-master/venv/lib/python3.9/site-packages/requests/sessions.py", line 703, in send
    r = adapter.send(request, **kwargs)
  File "/Users/kshao/Desktop/weibo-crawler-master/venv/lib/python3.9/site-packages/requests/adapters.py", line 517, in send
    raise SSLError(e, request=request)
requests.exceptions.SSLError: HTTPSConnectionPool(host='m.weibo.cn', port=443): Max retries exceeded with url: /api/statuses/repostTimeline?id=4945447083574267&page=1 (Caused by SSLError(SSLEOFError(8, 'EOF occurred in violation of protocol (_ssl.c:1129)')))
2023-10-09 22:34:26,009 - INFO - 信息抓取完毕
2023-10-09 22:34:26,010 - INFO - ****************************************************************************************************
2023-10-09 23:00:14,703 - INFO - 准备搜集 李佳琦Austin 的微博
2023-10-09 23:00:14,970 - INFO - 已获取用户 李佳琦Austin 的微博，内容为 《所有女生的offer3》第二集
护肤、美妆、卸妆都到位！#所有女生的offer# 
李佳琦Austin的微博视频
 
2023-10-09 23:00:14,970 - INFO - 已获取用户 李佳琦Austin 的微博，内容为 《所有女生的offer3》特别篇（下）
岛上谈判，背水一战！大offer，我来了！#所有女生的offer# 
李佳琦Austin的微博视频
 
2023-10-09 23:00:14,971 - INFO - 已获取用户 李佳琦Austin 的微博，内容为 《所有女生的offer3》特别篇（上）
不谈offer？和新老朋友的快乐小岛团建来咯！#所有女生的offer# 
李佳琦Austin的微博视频
 
2023-10-09 23:00:14,971 - INFO - 已获取用户 李佳琦Austin 的微博，内容为 祝福祖国，国泰民安，繁荣昌盛！#庆祝新中国成立74周年#
2023-10-09 23:00:14,971 - INFO - 已获取用户 李佳琦Austin 的微博，内容为 母婴节来咯~正在直播中，场面异常火爆，小伙伴们速来围观~
微博直播
 
2023-10-09 23:00:14,972 - INFO - 已获取用户 李佳琦Austin 的微博，内容为 铭记历史，吾辈自强！
2023-10-09 23:00:54,532 - INFO - 已获取用户 李佳琦Austin 的微博，内容为 今天没有用“所有女生”开头，因为李佳琦让大家失望了，在看这条微博的所有人，对不起。
我刚刚结束今天的工作，昨天我在直播间回应产品评论时，说了些不恰当、让大家不舒服的话。今天工作的时候我也一直在反思，在回想，如果我是评论里的那位女生，会多失望啊。
我本就是一个彩妆柜台销售员，深知大家 ...
全文
2023-10-09 23:00:54,533 - INFO - 已获取用户 李佳琦Austin 的微博，内容为 爆款好价单品推荐中~正在直播中，场面异常火爆，小伙伴们速来围观~
微博直播
 
2023-10-09 23:00:54,533 - INFO - 已获取用户 李佳琦Austin 的微博，内容为 分享在内蒙出差的趣事
就一个要求，不要截表情包[老师爱你] 
李佳琦Austin的微博视频
  
抽奖详情
 
2023-10-09 23:00:54,534 - INFO - 已获取用户 李佳琦Austin 的微博，内容为 99大促第四波来咯~正在直播中，场面异常火爆，小伙伴们速来围观~
微博直播
 
2023-10-09 23:00:54,534 - INFO - ------------------------------已获取李佳琦Austin(1968758563)的第1页微博------------------------------
2023-10-09 23:00:54,779 - INFO - 已获取用户 李佳琦Austin 的微博，内容为 99大促第三波来咯~正在直播中，场面异常火爆，小伙伴们速来围观~
微博直播
 
2023-10-09 23:00:54,779 - INFO - 已获取用户 李佳琦Austin 的微博，内容为 99大促第二波来咯~正在直播中，场面异常火爆，小伙伴们速来围观~
微博直播
 
2023-10-09 23:00:54,780 - INFO - 已获取用户 李佳琦Austin 的微博，内容为 在草原上追到的落日余晖
最近好多地方的落霞都好美呀
你们都有拍吗？ 
2023-10-09 23:00:54,780 - INFO - 已获取用户 李佳琦Austin 的微博，内容为 我好累，offer好大
今年主打我卑微 
2023-10-09 23:00:54,780 - INFO - 已获取用户 李佳琦Austin 的微博，内容为 看到了日出也看到了漫天星辰
还遇见一只很有缘的小狗
已经迫不及待回去跟你们分享这里的故事了 
2023-10-09 23:00:54,780 - INFO - 已获取用户 李佳琦Austin 的微博，内容为 全品类好物助播专场~正在直播中，场面异常火爆，小伙伴们速来围观~
微博直播
 
2023-10-09 23:00:54,780 - INFO - 已获取用户 李佳琦Austin 的微博，内容为 个护家清小专场来咯~正在直播中，场面异常火爆，小伙伴们速来围观~
微博直播
 
2023-10-09 23:00:54,780 - INFO - 已获取用户 李佳琦Austin 的微博，内容为 是接到大广告的女明星nene了！
 
2023-10-09 23:00:54,781 - INFO - 已获取用户 李佳琦Austin 的微博，内容为  
2023-10-09 23:00:54,781 - INFO - 已获取用户 李佳琦Austin 的微博，内容为 在优时颜微笑照相馆，我遇见了几位特别的女生。这是镜头里记录下的，属于她们的微笑故事……#李佳琦在照相馆打工# 
李佳琦Austin的微博视频
 
2023-10-09 23:00:54,781 - INFO - ------------------------------已获取李佳琦Austin(1968758563)的第2页微博------------------------------
2023-10-09 23:01:03,002 - INFO - ------------------------------已获取李佳琦Austin(1968758563)的第3页微博------------------------------
2023-10-09 23:01:03,005 - INFO - 20条微博写入csv文件完毕,保存路径:
2023-10-09 23:01:03,005 - INFO - /Users/kshao/Desktop/weibo-crawler-master/weibo/李佳琦Austin/1968758563.csv
2023-10-09 23:01:03,007 - INFO - 正在下载评论 微博id:4954901345207820
2023-10-09 23:01:07,812 - WARNING - 未能抓取完整评论 微博id: 4954901345207820
2023-10-09 23:01:11,828 - INFO - 正在下载转发 微博id:4954901345207820
2023-10-09 23:01:11,941 - WARNING - 未能抓取完整转发 微博id: 4954901345207820
2023-10-09 23:01:17,953 - INFO - 正在下载评论 微博id:4954599356893911
2023-10-09 23:01:21,694 - WARNING - 未能抓取完整评论 微博id: 4954599356893911
2023-10-09 23:01:26,706 - INFO - 正在下载转发 微博id:4954599356893911
2023-10-09 23:01:26,838 - WARNING - 未能抓取完整转发 微博id: 4954599356893911
2023-10-09 23:01:31,850 - INFO - 正在下载评论 微博id:4954538954459468
2023-10-09 23:01:34,548 - WARNING - 未能抓取完整评论 微博id: 4954538954459468
2023-10-09 23:01:39,561 - INFO - 正在下载转发 微博id:4954538954459468
2023-10-09 23:01:39,706 - WARNING - 未能抓取完整转发 微博id: 4954538954459468
2023-10-09 23:01:45,720 - INFO - 正在下载评论 微博id:4951837645210914
2023-10-09 23:01:51,367 - WARNING - 未能抓取完整评论 微博id: 4951837645210914
2023-10-09 23:01:56,379 - INFO - 正在下载转发 微博id:4951837645210914
2023-10-09 23:01:56,518 - WARNING - 未能抓取完整转发 微博id: 4951837645210914
2023-10-09 23:02:01,532 - INFO - 正在下载评论 微博id:4947773079158815
2023-10-09 23:02:04,134 - WARNING - 未能抓取完整评论 微博id: 4947773079158815
2023-10-09 23:02:08,146 - INFO - 正在下载转发 微博id:4947773079158815
2023-10-09 23:02:08,267 - WARNING - 未能抓取完整转发 微博id: 4947773079158815
2023-10-09 23:02:11,280 - INFO - 正在下载评论 微博id:4947320250303612
2023-10-09 23:02:16,226 - WARNING - 未能抓取完整评论 微博id: 4947320250303612
2023-10-09 23:02:20,239 - INFO - 正在下载转发 微博id:4947320250303612
2023-10-09 23:02:20,380 - WARNING - 未能抓取完整转发 微博id: 4947320250303612
2023-10-09 23:02:24,393 - INFO - 正在下载评论 微博id:4944598297740136
2023-10-09 23:02:28,949 - WARNING - 未能抓取完整评论 微博id: 4944598297740136
2023-10-09 23:02:34,962 - INFO - 正在下载转发 微博id:4944598297740136
2023-10-09 23:02:35,089 - WARNING - 未能抓取完整转发 微博id: 4944598297740136
2023-10-09 23:02:41,104 - INFO - 正在下载评论 微博id:4944482783466211
2023-10-09 23:02:44,743 - WARNING - 未能抓取完整评论 微博id: 4944482783466211
2023-10-09 23:02:49,755 - INFO - 正在下载转发 微博id:4944482783466211
2023-10-09 23:02:49,863 - WARNING - 未能抓取完整转发 微博id: 4944482783466211
2023-10-09 23:02:52,875 - INFO - 正在下载评论 微博id:4944399279327480
2023-10-09 23:02:57,461 - WARNING - 未能抓取完整评论 微博id: 4944399279327480
2023-10-09 23:03:00,474 - INFO - 正在下载转发 微博id:4944399279327480
2023-10-09 23:03:00,634 - WARNING - 未能抓取完整转发 微博id: 4944399279327480
2023-10-09 23:03:06,646 - INFO - 正在下载评论 微博id:4944106116617230
2023-10-09 23:03:11,472 - WARNING - 未能抓取完整评论 微博id: 4944106116617230
2023-10-09 23:03:14,484 - INFO - 正在下载转发 微博id:4944106116617230
2023-10-09 23:03:14,624 - WARNING - 未能抓取完整转发 微博id: 4944106116617230
2023-10-09 23:03:14,631 - INFO - 正在下载评论 微博id:4943743373543979
2023-10-09 23:03:18,261 - WARNING - 未能抓取完整评论 微博id: 4943743373543979
2023-10-09 23:03:23,275 - INFO - 正在下载转发 微博id:4943743373543979
2023-10-09 23:03:23,398 - WARNING - 未能抓取完整转发 微博id: 4943743373543979
2023-10-09 23:03:28,409 - INFO - 正在下载评论 微博id:4943380536888053
2023-10-09 23:03:30,092 - WARNING - 未能抓取完整评论 微博id: 4943380536888053
2023-10-09 23:03:36,106 - INFO - 正在下载转发 微博id:4943380536888053
2023-10-09 23:03:37,314 - WARNING - 未能抓取完整转发 微博id: 4943380536888053
2023-10-09 23:03:40,325 - INFO - 正在下载评论 微博id:4942689130777902
2023-10-09 23:03:45,895 - WARNING - 未能抓取完整评论 微博id: 4942689130777902
2023-10-09 23:03:50,908 - INFO - 正在下载转发 微博id:4942689130777902
2023-10-09 23:03:51,001 - WARNING - 未能抓取完整转发 微博id: 4942689130777902
2023-10-09 23:03:54,012 - INFO - 正在下载评论 微博id:4941589158040584
2023-10-09 23:03:59,609 - WARNING - 未能抓取完整评论 微博id: 4941589158040584
2023-10-09 23:04:03,623 - INFO - 正在下载转发 微博id:4941589158040584
2023-10-09 23:04:03,749 - WARNING - 未能抓取完整转发 微博id: 4941589158040584
2023-10-09 23:04:07,761 - INFO - 正在下载评论 微博id:4939296124966079
2023-10-09 23:04:13,593 - WARNING - 未能抓取完整评论 微博id: 4939296124966079
2023-10-09 23:04:17,605 - INFO - 正在下载转发 微博id:4939296124966079
2023-10-09 23:04:17,861 - WARNING - 未能抓取完整转发 微博id: 4939296124966079
2023-10-09 23:04:21,872 - INFO - 正在下载评论 微博id:4939047052512312
2023-10-09 23:04:27,773 - WARNING - 未能抓取完整评论 微博id: 4939047052512312
2023-10-09 23:04:32,786 - INFO - 正在下载转发 微博id:4939047052512312
2023-10-09 23:04:32,926 - WARNING - 未能抓取完整转发 微博id: 4939047052512312
2023-10-09 23:04:36,938 - INFO - 正在下载评论 微博id:4938684654161409
2023-10-09 23:04:42,549 - WARNING - 未能抓取完整评论 微博id: 4938684654161409
2023-10-09 23:04:47,561 - INFO - 正在下载转发 微博id:4938684654161409
2023-10-09 23:04:47,706 - WARNING - 未能抓取完整转发 微博id: 4938684654161409
2023-10-09 23:04:52,718 - INFO - 正在下载评论 微博id:4938031813363713
2023-10-09 23:04:56,303 - WARNING - 未能抓取完整评论 微博id: 4938031813363713
2023-10-09 23:05:02,315 - INFO - 正在下载转发 微博id:4938031813363713
2023-10-09 23:05:02,452 - WARNING - 未能抓取完整转发 微博id: 4938031813363713
2023-10-09 23:05:07,462 - INFO - 正在下载评论 微博id:4936122667107855
2023-10-09 23:05:11,105 - WARNING - 未能抓取完整评论 微博id: 4936122667107855
2023-10-09 23:05:15,118 - INFO - 正在下载转发 微博id:4936122667107855
2023-10-09 23:05:15,246 - WARNING - 未能抓取完整转发 微博id: 4936122667107855
2023-10-09 23:05:18,258 - INFO - 正在下载评论 微博id:4934622733141145
2023-10-09 23:05:20,899 - WARNING - 未能抓取完整评论 微博id: 4934622733141145
2023-10-09 23:05:26,908 - INFO - 正在下载转发 微博id:4934622733141145
2023-10-09 23:05:27,043 - WARNING - 未能抓取完整转发 微博id: 4934622733141145
2023-10-09 23:05:27,047 - INFO - 即将进行原创微博图片下载
2023-10-09 23:05:35,987 - INFO - 原创微博图片下载完毕,保存路径:
2023-10-09 23:05:35,987 - INFO - /Users/kshao/Desktop/weibo-crawler-master/weibo/李佳琦Austin/img/原创微博图片
2023-10-09 23:05:35,987 - INFO - 即将进行原创微博视频下载
2023-10-09 23:05:37,818 - INFO - 原创微博视频下载完毕,保存路径:
2023-10-09 23:05:37,818 - INFO - /Users/kshao/Desktop/weibo-crawler-master/weibo/李佳琦Austin/video/原创微博视频
2023-10-09 23:05:37,818 - INFO - 微博爬取完成，共爬取20条微博
2023-10-09 23:05:37,818 - INFO - 信息抓取完毕
2023-10-09 23:05:37,818 - INFO - ****************************************************************************************************
2023-10-09 23:05:37,818 - INFO - 短暂sleep 31秒，避免被ban
2023-10-09 23:06:08,824 - INFO - sleep结束
2023-10-09 23:06:09,109 - INFO - 准备搜集 花西子Florasis 的微博
2023-10-09 23:06:09,306 - INFO - 已获取用户 花西子Florasis 的微博，内容为 曲水流「香」，礼待天下。
隐园-萧山国际机场季节快闪店来了！
从T4航站楼国际出发区出发，踏上花西子的“丝绸之路”。#花西子妆点亚运##花西子隐园东方待客之道# 
花西子Florasis的微博视频
 
2023-10-09 23:06:09,307 - INFO - 已获取用户 花西子Florasis 的微博，内容为 桂香袅袅，故里逢秋时。
月光皎皎，团圆在中秋。
中秋节至，月满人间；岁月明朗，月圆人安。
花西子与卿共赏月圆，祝卿中秋喜乐，事事如愿~#中秋节# 
2023-10-09 23:06:09,307 - INFO - 已获取用户 花西子Florasis 的微博，内容为 在东方园林，见证曲水流香 #花西子妆点亚运##花西子隐园东方待客之道# 
花西子Florasis的微博视频
 
2023-10-09 23:06:09,308 - INFO - 已获取用户 花西子Florasis 的微博，内容为 #我有一个梦想# 
为国货之崛起而奋斗！祝大家双节快乐！
                         ——国货助梦大使 花西子 
2023-10-09 23:06:09,308 - INFO - 已获取用户 花西子Florasis 的微博，内容为 #我有一个梦想#很开心能通过彩妆向世界讲述中国故事，让更多人看到国货，认可东方之美。花西子会继续努力做好产品，在海外传扬文化自信，让世界欣赏东方美。
2023-10-09 23:06:09,309 - INFO - 已获取用户 花西子Florasis 的微博，内容为 #我有一个梦想#我，花西子，6岁半，我有一个梦想，做一个立足本土，走向世界的高端品牌。 
2023-10-09 23:06:09,309 - INFO - 已获取用户 花西子Florasis 的微博，内容为 东方之美，妆点亚运。
作为杭州亚运会官方供应商，花西子走进亚运开幕式化妆间，为开幕式演员和嘉宾们提供妆容服务，以东方之美妆点亚运。
花西子与卿共同期待在世界舞台上展现不一样的东方魅力，共同为亚运力量喝彩！#花西子妆点亚运##杭州亚运会# 
2023-10-09 23:06:53,891 - INFO - 已获取用户 花西子Florasis 的微博，内容为 曲水流「香」，礼待天下。
花西子西湖隐园·曲水流香限定「上新」！
从曲水流觞，到曲水流香，王羲之《兰亭集序》中的风雅流传至今；
从全亚洲，来到杭州，有朋自远方来，在隐园遇见中国之美；
从过去，走到未来，亚运文化展在隐园展现三代中国亚运风采……
迎天下客，也等卿来。#花西子妆点亚运#  ...
全文
2023-10-09 23:06:53,893 - INFO - 已获取用户 花西子Florasis 的微博，内容为 有奖征集！送礼盒和眉笔！【转发】即可参与～
大家近期的支持与建议，小西都收到了～为更好地服务大家，我们将抽100位送美妆礼盒，另外再抽10000人来体验我们的眉笔，诚恳地向大家征集使用反馈。
9月23日-9月24日陆续开奖！#花西子发声# 
2023-10-09 23:06:53,893 - INFO - ------------------------------已获取花西子Florasis(6336556296)的第1页微博------------------------------
2023-10-09 23:06:54,099 - INFO - 已获取用户 花西子Florasis 的微博，内容为 感谢大家一直以来对花西子的关注和支持，抱歉我们来晚了，有几句掏心窝子的话想跟大家说。 
2023-10-09 23:06:54,100 - INFO - 已获取用户 花西子Florasis 的微博，内容为 亚运开幕在即！与卿共期盛事
杭州亚运会官方供应商花西子，为所有运动健儿们加油！我们杭州见~#杭州亚运会开幕倒计时10天##东方礼玉 妆点亚运# 
花西子Florasis的微博视频
 
2023-10-09 23:06:54,101 - INFO - 已获取用户 花西子Florasis 的微博，内容为 ó 8   g  N  ¨R  
2023-10-09 23:07:36,842 - INFO - 已获取用户 花西子Florasis 的微博，内容为 曲水流「香」，礼待天下。
一千六百多年前，书法家王羲之与众雅士在兰亭清溪两旁席地而坐，酒觞从上游徐徐而下，杯停则饮。
而今，这一具酒觞，穿过了一千六百多年的历史长河，停在了杭州西子湖畔花西子隐园。
今日，隐园不提供酒，但水中有香，以香待客，这是隐园的待客之道。
曲水流香迎雅客，妆点隐 ...
全文
2023-10-09 23:07:36,844 - INFO - 已获取用户 花西子Florasis 的微博，内容为 温柔有力，清丽俊逸~
花西子祝东方国色大使@唐诗逸Sy 生日快乐！愿糖糖乘风破浪，一路光芒万丈✨#唐诗逸0906生日快乐# 
2023-10-09 23:07:36,845 - INFO - 已获取用户 花西子Florasis 的微博，内容为 东方礼「玉」，礼待天下。
以玉为礼，宜赠佳人；以玉为妆，妆点亚运。
花西子以玉为灵感，取其形，取其意，温润于外，坚韧于内，甄选玉养系列精品，打造「玉」见东方妆奁，
致敬亚运赛场上的每一份精彩。也愿卿淡妆浓抹，皆有雅致玉容。#花西子妆点亚运# #花西子隐园东方待客之道# 
2023-10-09 23:08:16,609 - INFO - 已获取用户 花西子Florasis 的微博，内容为 薪火相传，礼待天下。
花西子隐园-亚运文化展今日开启，共同见证“中国亚运”三十载！
从1990年到2023年，
从北京到广州，再到杭州，#花西子亚运文化展#集三届亚运文化藏品于隐园，
更有熊猫盼盼、乐羊羊以及莲莲、琮琮、宸宸，三代亚运会吉祥物空降现场，
用心为卿打造沉浸式亚运文化空间。
本展将于 ...
全文
2023-10-09 23:08:16,610 - INFO - 已获取用户 花西子Florasis 的微博，内容为 花西子隐园“张敞画眉”名场面美照大曝光！
少年“张敞”穿越而来，手持眉笔为卿描绘眉间浪漫七夕之日，才子佳人共赴隐园，画眉传情快来一起回顾一场“东方式浪漫”吧~#张敞画眉#  #花西子西湖隐园# #七夕# 
2023-10-09 23:08:16,611 - INFO - 已获取用户 花西子Florasis 的微博，内容为 古有“张敞画眉”，描绘眉间浪漫诗意
今有隐园花季少年，解锁眉间互动惊喜
七夕佳节与卿在花西子西湖隐园，线下偶遇少年“张敞”，现场一起演绎东方式浪漫~ #张敞画眉# #花西子西湖隐园# 
花西子Florasis的微博视频
 
2023-10-09 23:08:16,612 - INFO - 已获取用户 花西子Florasis 的微博，内容为 七夕同心锁卿意，爱意相随心不移。
七夕佳节，以锁传情，锁定朝夕，花西子与卿共赴岁岁年年。
愿卿遇良人，同心共白头～#一生锁爱永结同心# #七夕# #表白# 
花西子Florasis的微博视频
 
2023-10-09 23:08:16,612 - INFO - ------------------------------已获取花西子Florasis(6336556296)的第2页微博------------------------------
2023-10-09 23:08:16,827 - INFO - 已获取用户 花西子Florasis 的微博，内容为 2万份七夕定制鲜花，予卿浪漫，爱意生花~@花点时间的店 @花西子Florasis 带来七夕品牌联合福利，8月12日~8月22日购指定礼盒可享定制鲜花一束，全网限量2万份，即日起赠完即止！
戳图了解活动详情，立即参与！以花传情，爱意长存~ 
2023-10-09 23:09:01,589 - INFO - 已获取用户 花西子Florasis 的微博，内容为 以妆传情，永结同心。
七夕超有氛围的约会妆容来啦！花西子以月老锦红线为灵感，打造“人面桃花相映红”的浪漫七夕氛围，以妆传情，愿卿一生永结同心，甜甜蜜蜜。
❤线下用户：2023年8月20日-8月22日，即可至花西子西湖隐园门店，现场体验 「红线七夕妆」。七夕当天，还可至门店解锁“才子佳人”亲密 ...
全文
2023-10-09 23:09:44,344 - INFO - 已获取用户 花西子Florasis 的微博，内容为 七夕沉浸式开箱来咯！花西子全球品牌大使@白鹿my 上脸给大家试色，快来抄作业吧！
七夕限定的花西子东方妆奁（七夕小粉版），外观配色采用粉色拉丝纹理，浪漫又少女心，搭配PU皮材质制作，手感柔软舒适，质感高级；不仅是礼盒还是精致的首饰盒哦，真的美观又实用，节日氛围感满满～里面都是花西子明星 ...
全文
2023-10-09 23:10:23,069 - INFO - 已获取用户 花西子Florasis 的微博，内容为 缘定七夕，浪漫予礼。这个七夕和@白鹿my 一起，来得物搜索“花西子”，浪漫好礼等您来！更有满减满赠多种优惠，这个七夕得物花西子助您浪漫告白~
网页链接
 @得物app关注@花西子Florasis 评论并转发，8月23日抽3位幸运花伴送花西子小黛纱唇纱（复古浆红）一支~愿卿在#七夕#以礼传情，爱意无 ...
全文
2023-10-09 23:10:23,071 - INFO - 已获取用户 花西子Florasis 的微博，内容为 缘定七夕，浪漫予你。每一份礼物背后精心挑选的过程，都是#对你的爱这么大#的见证。
佳礼早到家，就选【花西子京东自营旗舰店】，8月16日晚更有花西子首席内容官福利互动，直播间抽万元大奖。#爱让好物 成为礼物#  #爱美尖子生# #京妆大牌# 
网页链接
 @京东美妆 
2023-10-09 23:11:01,832 - INFO - 已获取用户 花西子Florasis 的微博，内容为 为爱加码就送花西子七夕限定礼！
8月14日-8月16日京东京妆大牌享福利！领券爆品至高减50元，赠爱人、赠挚友、赠自己，来【花西子京东自营旗舰店】，花西子品牌挚友、人气偶像@孙珍妮的微博 为您推荐专属好礼，送礼无忧~#爱让好物 成为礼物# #爱美尖子生# #京妆大牌# 
网页链接
 @京东美妆  ...
全文
2023-10-09 23:11:01,833 - INFO - 已获取用户 花西子Florasis 的微博，内容为 花式示爱，浪漫不停。
8月14日-8月16日京东花西子京妆大牌甜蜜来袭，花西子品花官@李若彤 邀您来【花西子京东自营旗舰店】购东方爱情礼，尽释浓情爱意~#爱让好物 成为礼物#  #爱美尖子生# #京妆大牌#@京东美妆  
网页链接
 
花西子Florasis的微博视频
 
2023-10-09 23:11:42,579 - INFO - 已获取用户 花西子Florasis 的微博，内容为 ó í~  Q  ;u  	w  KN  ¦~  ÿ  ã    jm  +o  }Y  
2023-10-09 23:11:42,580 - INFO - 已获取用户 花西子Florasis 的微博，内容为 ó 7   g  N  ¨R  
2023-10-09 23:11:42,582 - INFO - ------------------------------已获取花西子Florasis(6336556296)的第3页微博------------------------------
2023-10-09 23:11:42,587 - INFO - 28条微博写入csv文件完毕,保存路径:
2023-10-09 23:11:42,587 - INFO - /Users/kshao/Desktop/weibo-crawler-master/weibo/花西子Florasis/6336556296.csv
2023-10-09 23:11:42,593 - INFO - 正在下载评论 微博id:4952319584633555
2023-10-09 23:11:46,237 - WARNING - 未能抓取完整评论 微博id: 4952319584633555
2023-10-09 23:11:49,259 - INFO - 正在下载转发 微博id:4952319584633555
2023-10-09 23:11:49,389 - WARNING - 未能抓取完整转发 微博id: 4952319584633555
2023-10-09 23:11:55,402 - INFO - 正在下载评论 微博id:4951232164923466
2023-10-09 23:12:00,111 - WARNING - 未能抓取完整评论 微博id: 4951232164923466
2023-10-09 23:12:03,138 - INFO - 正在下载转发 微博id:4951232164923466
2023-10-09 23:12:03,280 - WARNING - 未能抓取完整转发 微博id: 4951232164923466
2023-10-09 23:12:06,300 - INFO - 正在下载评论 微博id:4951046352799362
2023-10-09 23:12:12,504 - INFO - 正在下载转发 微博id:4951046352799362
2023-10-09 23:12:12,665 - WARNING - 未能抓取完整转发 微博id: 4951046352799362
2023-10-09 23:12:16,677 - INFO - 正在下载评论 微博id:4950979764290708
2023-10-09 23:12:19,339 - WARNING - 未能抓取完整评论 微博id: 4950979764290708
2023-10-09 23:12:25,361 - INFO - 正在下载转发 微博id:4950979764290708
2023-10-09 23:12:25,544 - WARNING - 未能抓取完整转发 微博id: 4950979764290708
2023-10-09 23:12:31,560 - INFO - 正在下载评论 微博id:4950689005965213
2023-10-09 23:12:33,504 - WARNING - 未能抓取完整评论 微博id: 4950689005965213
2023-10-09 23:12:39,531 - INFO - 正在下载转发 微博id:4950689005965213
2023-10-09 23:12:39,664 - WARNING - 未能抓取完整转发 微博id: 4950689005965213
2023-10-09 23:12:45,682 - INFO - 正在下载评论 微博id:4950264111433993
2023-10-09 23:12:47,383 - WARNING - 未能抓取完整评论 微博id: 4950264111433993
2023-10-09 23:12:52,406 - INFO - 正在下载转发 微博id:4950264111433993
2023-10-09 23:12:52,624 - WARNING - 未能抓取完整转发 微博id: 4950264111433993
2023-10-09 23:12:58,638 - INFO - 正在下载评论 微博id:4949223487837570
2023-10-09 23:13:00,372 - WARNING - 未能抓取完整评论 微博id: 4949223487837570
2023-10-09 23:13:04,391 - INFO - 正在下载转发 微博id:4949223487837570
2023-10-09 23:13:04,529 - WARNING - 未能抓取完整转发 微博id: 4949223487837570
2023-10-09 23:13:08,544 - INFO - 正在下载评论 微博id:4948904833190636
2023-10-09 23:13:11,283 - WARNING - 未能抓取完整评论 微博id: 4948904833190636
2023-10-09 23:13:17,306 - INFO - 正在下载转发 微博id:4948904833190636
2023-10-09 23:13:17,475 - WARNING - 未能抓取完整转发 微博id: 4948904833190636
2023-10-09 23:13:23,489 - INFO - 正在下载评论 微博id:4947752490635426
2023-10-09 23:13:28,232 - WARNING - 未能抓取完整评论 微博id: 4947752490635426
2023-10-09 23:13:33,253 - INFO - 正在下载转发 微博id:4947752490635426
2023-10-09 23:13:33,387 - WARNING - 未能抓取完整转发 微博id: 4947752490635426
2023-10-09 23:13:39,405 - INFO - 正在下载评论 微博id:4947738510229678
2023-10-09 23:13:41,038 - WARNING - 未能抓取完整评论 微博id: 4947738510229678
2023-10-09 23:13:44,062 - INFO - 正在下载转发 微博id:4947738510229678
2023-10-09 23:13:44,202 - WARNING - 未能抓取完整转发 微博id: 4947738510229678
2023-10-09 23:13:44,212 - INFO - 正在下载评论 微博id:4945447083574267
2023-10-09 23:13:45,940 - WARNING - 未能抓取完整评论 微博id: 4945447083574267
2023-10-09 23:13:50,963 - INFO - 正在下载转发 微博id:4945447083574267
2023-10-09 23:13:51,112 - WARNING - 未能抓取完整转发 微博id: 4945447083574267
2023-10-09 23:13:55,125 - INFO - 正在下载评论 微博id:4944363908235866
2023-10-09 23:13:56,850 - WARNING - 未能抓取完整评论 微博id: 4944363908235866
2023-10-09 23:14:00,874 - INFO - 正在下载转发 微博id:4944363908235866
2023-10-09 23:14:01,020 - WARNING - 未能抓取完整转发 微博id: 4944363908235866
2023-10-09 23:14:04,034 - INFO - 正在下载评论 微博id:4943033139728750
2023-10-09 23:14:09,675 - WARNING - 未能抓取完整评论 微博id: 4943033139728750
2023-10-09 23:14:13,693 - INFO - 正在下载转发 微博id:4943033139728750
2023-10-09 23:14:13,849 - WARNING - 未能抓取完整转发 微博id: 4943033139728750
2023-10-09 23:14:19,863 - INFO - 正在下载评论 微博id:4942898754487281
2023-10-09 23:14:23,560 - WARNING - 未能抓取完整评论 微博id: 4942898754487281
2023-10-09 23:14:29,575 - INFO - 正在下载转发 微博id:4942898754487281
2023-10-09 23:14:29,745 - WARNING - 未能抓取完整转发 微博id: 4942898754487281
2023-10-09 23:14:32,756 - INFO - 正在下载评论 微博id:4940798413768158
2023-10-09 23:14:37,505 - WARNING - 未能抓取完整评论 微博id: 4940798413768158
2023-10-09 23:14:42,525 - INFO - 正在下载转发 微博id:4940798413768158
2023-10-09 23:14:42,693 - WARNING - 未能抓取完整转发 微博id: 4940798413768158
2023-10-09 23:14:48,702 - INFO - 正在下载评论 微博id:4938762711731803
2023-10-09 23:14:53,598 - WARNING - 未能抓取完整评论 微博id: 4938762711731803
2023-10-09 23:14:57,610 - INFO - 正在下载转发 微博id:4938762711731803
2023-10-09 23:14:57,924 - WARNING - 未能抓取完整转发 微博id: 4938762711731803
2023-10-09 23:15:00,932 - INFO - 正在下载评论 微博id:4937939220697880
2023-10-09 23:15:02,881 - WARNING - 未能抓取完整评论 微博id: 4937939220697880
2023-10-09 23:15:06,893 - INFO - 正在下载转发 微博id:4937939220697880
2023-10-09 23:15:07,052 - WARNING - 未能抓取完整转发 微博id: 4937939220697880
2023-10-09 23:15:12,060 - INFO - 正在下载评论 微博id:4937621183139118
2023-10-09 23:15:19,522 - INFO - 正在下载转发 微博id:4937621183139118
2023-10-09 23:15:19,737 - WARNING - 未能抓取完整转发 微博id: 4937621183139118
2023-10-09 23:15:25,746 - INFO - 正在下载评论 微博id:4937587259608203
2023-10-09 23:15:30,627 - WARNING - 未能抓取完整评论 微博id: 4937587259608203
2023-10-09 23:15:36,638 - INFO - 正在下载转发 微博id:4937587259608203
2023-10-09 23:15:36,817 - WARNING - 未能抓取完整转发 微博id: 4937587259608203
2023-10-09 23:15:40,827 - INFO - 正在下载评论 微博id:4936389365601599
2023-10-09 23:15:42,610 - WARNING - 未能抓取完整评论 微博id: 4936389365601599
2023-10-09 23:15:46,623 - INFO - 正在下载转发 微博id:4936389365601599
2023-10-09 23:15:46,835 - WARNING - 未能抓取完整转发 微博id: 4936389365601599
2023-10-09 23:15:46,837 - INFO - 正在下载评论 微博id:4936132674194340
2023-10-09 23:15:52,764 - WARNING - 未能抓取完整评论 微博id: 4936132674194340
2023-10-09 23:15:58,784 - INFO - 正在下载转发 微博id:4936132674194340
2023-10-09 23:15:59,021 - WARNING - 未能抓取完整转发 微博id: 4936132674194340
2023-10-09 23:16:03,027 - INFO - 正在下载评论 微博id:4935423002677732
2023-10-09 23:16:09,015 - WARNING - 未能抓取完整评论 微博id: 4935423002677732
2023-10-09 23:16:12,023 - INFO - 正在下载转发 微博id:4935423002677732
2023-10-09 23:16:12,113 - WARNING - 未能抓取完整转发 微博id: 4935423002677732
2023-10-09 23:16:16,120 - INFO - 正在下载评论 微博id:4935324847838377
2023-10-09 23:16:18,747 - WARNING - 未能抓取完整评论 微博id: 4935324847838377
2023-10-09 23:16:24,756 - INFO - 正在下载转发 微博id:4935324847838377
2023-10-09 23:16:24,853 - WARNING - 未能抓取完整转发 微博id: 4935324847838377
2023-10-09 23:16:27,861 - INFO - 正在下载评论 微博id:4934577426006761
2023-10-09 23:16:29,629 - WARNING - 未能抓取完整评论 微博id: 4934577426006761
2023-10-09 23:16:33,633 - INFO - 正在下载转发 微博id:4934577426006761
2023-10-09 23:16:33,796 - WARNING - 未能抓取完整转发 微博id: 4934577426006761
2023-10-09 23:16:39,803 - INFO - 正在下载评论 微博id:4934215038929270
2023-10-09 23:16:44,551 - WARNING - 未能抓取完整评论 微博id: 4934215038929270
2023-10-09 23:16:50,561 - INFO - 正在下载转发 微博id:4934215038929270
2023-10-09 23:16:50,655 - WARNING - 未能抓取完整转发 微博id: 4934215038929270
2023-10-09 23:16:54,662 - INFO - 正在下载评论 微博id:4933852655517779
2023-10-09 23:16:58,437 - WARNING - 未能抓取完整评论 微博id: 4933852655517779
2023-10-09 23:17:03,449 - INFO - 正在下载转发 微博id:4933852655517779
2023-10-09 23:17:03,567 - WARNING - 未能抓取完整转发 微博id: 4933852655517779
2023-10-09 23:17:06,581 - INFO - 正在下载评论 微博id:4933583909422316
2023-10-09 23:17:10,242 - WARNING - 未能抓取完整评论 微博id: 4933583909422316
2023-10-09 23:17:14,250 - INFO - 正在下载转发 微博id:4933583909422316
2023-10-09 23:17:14,346 - WARNING - 未能抓取完整转发 微博id: 4933583909422316
2023-10-09 23:17:20,357 - INFO - 正在下载评论 微博id:4933112439505151
2023-10-09 23:17:23,930 - WARNING - 未能抓取完整评论 微博id: 4933112439505151
2023-10-09 23:17:29,943 - INFO - 正在下载转发 微博id:4933112439505151
2023-10-09 23:17:30,066 - WARNING - 未能抓取完整转发 微博id: 4933112439505151
2023-10-09 23:17:36,078 - INFO - 即将进行原创微博图片下载
2023-10-09 23:19:29,691 - INFO - 原创微博图片下载完毕,保存路径:
2023-10-09 23:19:29,692 - INFO - /Users/kshao/Desktop/weibo-crawler-master/weibo/花西子Florasis/img/原创微博图片
2023-10-09 23:19:29,692 - INFO - 即将进行原创微博视频下载
2023-10-09 23:19:39,524 - INFO - 原创微博视频下载完毕,保存路径:
2023-10-09 23:19:39,524 - INFO - /Users/kshao/Desktop/weibo-crawler-master/weibo/花西子Florasis/video/原创微博视频
2023-10-09 23:19:39,524 - INFO - 微博爬取完成，共爬取28条微博
2023-10-09 23:19:39,524 - INFO - 信息抓取完毕
2023-10-09 23:19:39,524 - INFO - ****************************************************************************************************
2023-10-09 23:28:53,930 - INFO - 准备搜集 花西子Florasis 的微博
2023-10-09 23:28:54,134 - INFO - 已获取用户 花西子Florasis 的微博，内容为 曲水流「香」，礼待天下。
隐园-萧山国际机场季节快闪店来了！
从T4航站楼国际出发区出发，踏上花西子的“丝绸之路”。#花西子妆点亚运##花西子隐园东方待客之道# 
花西子Florasis的微博视频
 
2023-10-09 23:28:54,134 - INFO - 已获取用户 花西子Florasis 的微博，内容为 桂香袅袅，故里逢秋时。
月光皎皎，团圆在中秋。
中秋节至，月满人间；岁月明朗，月圆人安。
花西子与卿共赏月圆，祝卿中秋喜乐，事事如愿~#中秋节# 
2023-10-09 23:28:54,135 - INFO - 已获取用户 花西子Florasis 的微博，内容为 在东方园林，见证曲水流香 #花西子妆点亚运##花西子隐园东方待客之道# 
花西子Florasis的微博视频
 
2023-10-09 23:28:54,135 - INFO - 已获取用户 花西子Florasis 的微博，内容为 #我有一个梦想# 
为国货之崛起而奋斗！祝大家双节快乐！
                         ——国货助梦大使 花西子 
2023-10-09 23:28:54,135 - INFO - 已获取用户 花西子Florasis 的微博，内容为 #我有一个梦想#很开心能通过彩妆向世界讲述中国故事，让更多人看到国货，认可东方之美。花西子会继续努力做好产品，在海外传扬文化自信，让世界欣赏东方美。
2023-10-09 23:28:54,136 - INFO - 已获取用户 花西子Florasis 的微博，内容为 #我有一个梦想#我，花西子，6岁半，我有一个梦想，做一个立足本土，走向世界的高端品牌。 
2023-10-09 23:28:54,136 - INFO - 已获取用户 花西子Florasis 的微博，内容为 东方之美，妆点亚运。
作为杭州亚运会官方供应商，花西子走进亚运开幕式化妆间，为开幕式演员和嘉宾们提供妆容服务，以东方之美妆点亚运。
花西子与卿共同期待在世界舞台上展现不一样的东方魅力，共同为亚运力量喝彩！#花西子妆点亚运##杭州亚运会# 
2023-10-09 23:29:31,092 - INFO - 已获取用户 花西子Florasis 的微博，内容为 曲水流「香」，礼待天下。
花西子西湖隐园·曲水流香限定「上新」！
从曲水流觞，到曲水流香，王羲之《兰亭集序》中的风雅流传至今；
从全亚洲，来到杭州，有朋自远方来，在隐园遇见中国之美；
从过去，走到未来，亚运文化展在隐园展现三代中国亚运风采……
迎天下客，也等卿来。#花西子妆点亚运#  ...
全文
2023-10-09 23:29:31,092 - INFO - 已获取用户 花西子Florasis 的微博，内容为 有奖征集！送礼盒和眉笔！【转发】即可参与～
大家近期的支持与建议，小西都收到了～为更好地服务大家，我们将抽100位送美妆礼盒，另外再抽10000人来体验我们的眉笔，诚恳地向大家征集使用反馈。
9月23日-9月24日陆续开奖！#花西子发声# 
2023-10-09 23:29:31,093 - INFO - ------------------------------已获取花西子Florasis(6336556296)的第1页微博------------------------------
2023-10-09 23:29:31,272 - INFO - 已获取用户 花西子Florasis 的微博，内容为 感谢大家一直以来对花西子的关注和支持，抱歉我们来晚了，有几句掏心窝子的话想跟大家说。 
2023-10-09 23:29:31,273 - INFO - 已获取用户 花西子Florasis 的微博，内容为 亚运开幕在即！与卿共期盛事
杭州亚运会官方供应商花西子，为所有运动健儿们加油！我们杭州见~#杭州亚运会开幕倒计时10天##东方礼玉 妆点亚运# 
花西子Florasis的微博视频
 
2023-10-09 23:29:31,273 - INFO - 已获取用户 花西子Florasis 的微博，内容为 ó 8   g  N  ¨R  
2023-10-09 23:30:10,889 - INFO - 已获取用户 花西子Florasis 的微博，内容为 曲水流「香」，礼待天下。
一千六百多年前，书法家王羲之与众雅士在兰亭清溪两旁席地而坐，酒觞从上游徐徐而下，杯停则饮。
而今，这一具酒觞，穿过了一千六百多年的历史长河，停在了杭州西子湖畔花西子隐园。
今日，隐园不提供酒，但水中有香，以香待客，这是隐园的待客之道。
曲水流香迎雅客，妆点隐 ...
全文
2023-10-09 23:30:10,890 - INFO - 已获取用户 花西子Florasis 的微博，内容为 温柔有力，清丽俊逸~
花西子祝东方国色大使@唐诗逸Sy 生日快乐！愿糖糖乘风破浪，一路光芒万丈✨#唐诗逸0906生日快乐# 
2023-10-09 23:30:10,890 - INFO - 已获取用户 花西子Florasis 的微博，内容为 东方礼「玉」，礼待天下。
以玉为礼，宜赠佳人；以玉为妆，妆点亚运。
花西子以玉为灵感，取其形，取其意，温润于外，坚韧于内，甄选玉养系列精品，打造「玉」见东方妆奁，
致敬亚运赛场上的每一份精彩。也愿卿淡妆浓抹，皆有雅致玉容。#花西子妆点亚运# #花西子隐园东方待客之道# 
2023-10-09 23:30:55,533 - INFO - 已获取用户 花西子Florasis 的微博，内容为 薪火相传，礼待天下。
花西子隐园-亚运文化展今日开启，共同见证“中国亚运”三十载！
从1990年到2023年，
从北京到广州，再到杭州，#花西子亚运文化展#集三届亚运文化藏品于隐园，
更有熊猫盼盼、乐羊羊以及莲莲、琮琮、宸宸，三代亚运会吉祥物空降现场，
用心为卿打造沉浸式亚运文化空间。
本展将于 ...
全文
2023-10-09 23:30:55,535 - INFO - 已获取用户 花西子Florasis 的微博，内容为 花西子隐园“张敞画眉”名场面美照大曝光！
少年“张敞”穿越而来，手持眉笔为卿描绘眉间浪漫七夕之日，才子佳人共赴隐园，画眉传情快来一起回顾一场“东方式浪漫”吧~#张敞画眉#  #花西子西湖隐园# #七夕# 
2023-10-09 23:30:55,535 - INFO - 已获取用户 花西子Florasis 的微博，内容为 古有“张敞画眉”，描绘眉间浪漫诗意
今有隐园花季少年，解锁眉间互动惊喜
七夕佳节与卿在花西子西湖隐园，线下偶遇少年“张敞”，现场一起演绎东方式浪漫~ #张敞画眉# #花西子西湖隐园# 
花西子Florasis的微博视频
 
2023-10-09 23:30:55,536 - INFO - 已获取用户 花西子Florasis 的微博，内容为 七夕同心锁卿意，爱意相随心不移。
七夕佳节，以锁传情，锁定朝夕，花西子与卿共赴岁岁年年。
愿卿遇良人，同心共白头～#一生锁爱永结同心# #七夕# #表白# 
花西子Florasis的微博视频
 
2023-10-09 23:30:55,536 - INFO - ------------------------------已获取花西子Florasis(6336556296)的第2页微博------------------------------
2023-10-09 23:31:02,744 - INFO - 已获取用户 花西子Florasis 的微博，内容为 2万份七夕定制鲜花，予卿浪漫，爱意生花~@花点时间的店 @花西子Florasis 带来七夕品牌联合福利，8月12日~8月22日购指定礼盒可享定制鲜花一束，全网限量2万份，即日起赠完即止！
戳图了解活动详情，立即参与！以花传情，爱意长存~ 
2023-10-09 23:31:44,392 - INFO - 已获取用户 花西子Florasis 的微博，内容为 以妆传情，永结同心。
七夕超有氛围的约会妆容来啦！花西子以月老锦红线为灵感，打造“人面桃花相映红”的浪漫七夕氛围，以妆传情，愿卿一生永结同心，甜甜蜜蜜。
❤线下用户：2023年8月20日-8月22日，即可至花西子西湖隐园门店，现场体验 「红线七夕妆」。七夕当天，还可至门店解锁“才子佳人”亲密 ...
全文
2023-10-09 23:32:25,136 - INFO - 已获取用户 花西子Florasis 的微博，内容为 七夕沉浸式开箱来咯！花西子全球品牌大使@白鹿my 上脸给大家试色，快来抄作业吧！
七夕限定的花西子东方妆奁（七夕小粉版），外观配色采用粉色拉丝纹理，浪漫又少女心，搭配PU皮材质制作，手感柔软舒适，质感高级；不仅是礼盒还是精致的首饰盒哦，真的美观又实用，节日氛围感满满～里面都是花西子明星 ...
全文
2023-10-09 23:33:08,847 - INFO - 已获取用户 花西子Florasis 的微博，内容为 缘定七夕，浪漫予礼。这个七夕和@白鹿my 一起，来得物搜索“花西子”，浪漫好礼等您来！更有满减满赠多种优惠，这个七夕得物花西子助您浪漫告白~
网页链接
 @得物app关注@花西子Florasis 评论并转发，8月23日抽3位幸运花伴送花西子小黛纱唇纱（复古浆红）一支~愿卿在#七夕#以礼传情，爱意无 ...
全文
2023-10-09 23:33:08,849 - INFO - 已获取用户 花西子Florasis 的微博，内容为 缘定七夕，浪漫予你。每一份礼物背后精心挑选的过程，都是#对你的爱这么大#的见证。
佳礼早到家，就选【花西子京东自营旗舰店】，8月16日晚更有花西子首席内容官福利互动，直播间抽万元大奖。#爱让好物 成为礼物#  #爱美尖子生# #京妆大牌# 
网页链接
 @京东美妆 
2023-10-09 23:33:49,557 - INFO - 已获取用户 花西子Florasis 的微博，内容为 为爱加码就送花西子七夕限定礼！
8月14日-8月16日京东京妆大牌享福利！领券爆品至高减50元，赠爱人、赠挚友、赠自己，来【花西子京东自营旗舰店】，花西子品牌挚友、人气偶像@孙珍妮的微博 为您推荐专属好礼，送礼无忧~#爱让好物 成为礼物# #爱美尖子生# #京妆大牌# 
网页链接
 @京东美妆  ...
全文
2023-10-09 23:33:49,560 - INFO - 已获取用户 花西子Florasis 的微博，内容为 花式示爱，浪漫不停。
8月14日-8月16日京东花西子京妆大牌甜蜜来袭，花西子品花官@李若彤 邀您来【花西子京东自营旗舰店】购东方爱情礼，尽释浓情爱意~#爱让好物 成为礼物#  #爱美尖子生# #京妆大牌#@京东美妆  
网页链接
 
花西子Florasis的微博视频
 
2023-10-09 23:34:27,095 - INFO - 已获取用户 花西子Florasis 的微博，内容为 ó í~  Q  ;u  	w  KN  ¦~  ÿ  ã    jm  +o  }Y  
2023-10-09 23:34:27,096 - INFO - 已获取用户 花西子Florasis 的微博，内容为 ó 7   g  N  ¨R  
2023-10-09 23:34:27,096 - INFO - ------------------------------已获取花西子Florasis(6336556296)的第3页微博------------------------------
2023-10-09 23:34:27,099 - INFO - 28条微博写入csv文件完毕,保存路径:
2023-10-09 23:34:27,099 - INFO - /Users/kshao/Desktop/weibo-crawler-master/weibo/花西子Florasis/6336556296.csv
2023-10-09 23:34:27,101 - INFO - 正在下载评论 微博id:4952319584633555
2023-10-09 23:34:30,613 - WARNING - 未能抓取完整评论 微博id: 4952319584633555
2023-10-09 23:34:33,629 - INFO - 正在下载转发 微博id:4952319584633555
2023-10-09 23:34:34,792 - WARNING - 未能抓取完整转发 微博id: 4952319584633555
2023-10-09 23:34:37,797 - INFO - 正在下载评论 微博id:4951232164923466
2023-10-09 23:34:39,362 - WARNING - 未能抓取完整评论 微博id: 4951232164923466
2023-10-09 23:34:45,376 - INFO - 正在下载转发 微博id:4951232164923466
2023-10-09 23:34:45,503 - WARNING - 未能抓取完整转发 微博id: 4951232164923466
2023-10-09 23:34:48,516 - INFO - 正在下载评论 微博id:4951046352799362
2023-10-09 23:34:50,088 - WARNING - 未能抓取完整评论 微博id: 4951046352799362
2023-10-09 23:34:54,100 - INFO - 正在下载转发 微博id:4951046352799362
2023-10-09 23:34:54,242 - WARNING - 未能抓取完整转发 微博id: 4951046352799362
2023-10-09 23:34:59,254 - INFO - 正在下载评论 微博id:4950979764290708
2023-10-09 23:35:00,927 - WARNING - 未能抓取完整评论 微博id: 4950979764290708
2023-10-09 23:35:05,940 - INFO - 正在下载转发 微博id:4950979764290708
2023-10-09 23:35:06,073 - WARNING - 未能抓取完整转发 微博id: 4950979764290708
2023-10-09 23:35:12,084 - INFO - 正在下载评论 微博id:4950689005965213
2023-10-09 23:35:14,748 - WARNING - 未能抓取完整评论 微博id: 4950689005965213
2023-10-09 23:35:18,761 - INFO - 正在下载转发 微博id:4950689005965213
2023-10-09 23:35:18,898 - WARNING - 未能抓取完整转发 微博id: 4950689005965213
2023-10-09 23:35:21,910 - INFO - 正在下载评论 微博id:4950264111433993
2023-10-09 23:35:26,472 - WARNING - 未能抓取完整评论 微博id: 4950264111433993
2023-10-09 23:35:30,487 - INFO - 正在下载转发 微博id:4950264111433993
2023-10-09 23:35:30,633 - WARNING - 未能抓取完整转发 微博id: 4950264111433993
2023-10-09 23:35:34,645 - INFO - 正在下载评论 微博id:4949223487837570
2023-10-09 23:35:36,286 - WARNING - 未能抓取完整评论 微博id: 4949223487837570
2023-10-09 23:35:41,299 - INFO - 正在下载转发 微博id:4949223487837570
2023-10-09 23:35:41,418 - WARNING - 未能抓取完整转发 微博id: 4949223487837570
2023-10-09 23:35:44,430 - INFO - 正在下载评论 微博id:4948904833190636
2023-10-09 23:35:48,140 - WARNING - 未能抓取完整评论 微博id: 4948904833190636
2023-10-09 23:35:54,156 - INFO - 正在下载转发 微博id:4948904833190636
2023-10-09 23:35:54,303 - WARNING - 未能抓取完整转发 微博id: 4948904833190636
2023-10-09 23:36:00,315 - INFO - 正在下载评论 微博id:4947752490635426
2023-10-09 23:36:05,919 - WARNING - 未能抓取完整评论 微博id: 4947752490635426
2023-10-09 23:36:09,932 - INFO - 正在下载转发 微博id:4947752490635426
2023-10-09 23:36:11,103 - WARNING - 未能抓取完整转发 微博id: 4947752490635426
2023-10-09 23:36:14,117 - INFO - 正在下载评论 微博id:4947738510229678
2023-10-09 23:36:16,742 - WARNING - 未能抓取完整评论 微博id: 4947738510229678
2023-10-09 23:36:21,755 - INFO - 正在下载转发 微博id:4947738510229678
2023-10-09 23:36:21,895 - WARNING - 未能抓取完整转发 微博id: 4947738510229678
2023-10-09 23:36:21,900 - INFO - 正在下载评论 微博id:4945447083574267
2023-10-09 23:36:23,514 - WARNING - 未能抓取完整评论 微博id: 4945447083574267
2023-10-09 23:36:26,529 - INFO - 正在下载转发 微博id:4945447083574267
2023-10-09 23:36:26,661 - WARNING - 未能抓取完整转发 微博id: 4945447083574267
2023-10-09 23:36:29,673 - INFO - 正在下载评论 微博id:4944363908235866
2023-10-09 23:36:31,174 - WARNING - 未能抓取完整评论 微博id: 4944363908235866
2023-10-09 23:36:35,188 - INFO - 正在下载转发 微博id:4944363908235866
2023-10-09 23:36:35,311 - WARNING - 未能抓取完整转发 微博id: 4944363908235866
2023-10-09 23:36:41,324 - INFO - 正在下载评论 微博id:4943033139728750
2023-10-09 23:36:44,881 - WARNING - 未能抓取完整评论 微博id: 4943033139728750
2023-10-09 23:36:50,894 - INFO - 正在下载转发 微博id:4943033139728750
2023-10-09 23:36:51,010 - WARNING - 未能抓取完整转发 微博id: 4943033139728750
2023-10-09 23:36:55,022 - INFO - 正在下载评论 微博id:4942898754487281
2023-10-09 23:37:00,807 - WARNING - 未能抓取完整评论 微博id: 4942898754487281
2023-10-09 23:37:05,820 - INFO - 正在下载转发 微博id:4942898754487281
2023-10-09 23:37:05,935 - WARNING - 未能抓取完整转发 微博id: 4942898754487281
2023-10-09 23:37:11,948 - INFO - 正在下载评论 微博id:4940798413768158
2023-10-09 23:37:16,598 - WARNING - 未能抓取完整评论 微博id: 4940798413768158
2023-10-09 23:37:21,611 - INFO - 正在下载转发 微博id:4940798413768158
2023-10-09 23:37:21,744 - WARNING - 未能抓取完整转发 微博id: 4940798413768158
2023-10-09 23:37:25,760 - INFO - 正在下载评论 微博id:4938762711731803
2023-10-09 23:37:29,680 - WARNING - 未能抓取完整评论 微博id: 4938762711731803
2023-10-09 23:37:34,694 - INFO - 正在下载转发 微博id:4938762711731803
2023-10-09 23:37:34,810 - WARNING - 未能抓取完整转发 微博id: 4938762711731803
2023-10-09 23:37:37,823 - INFO - 正在下载评论 微博id:4937939220697880
2023-10-09 23:37:39,434 - WARNING - 未能抓取完整评论 微博id: 4937939220697880
2023-10-09 23:37:44,447 - INFO - 正在下载转发 微博id:4937939220697880
2023-10-09 23:37:44,542 - WARNING - 未能抓取完整转发 微博id: 4937939220697880
2023-10-09 23:37:50,553 - INFO - 正在下载评论 微博id:4937621183139118
2023-10-09 23:37:53,316 - WARNING - 未能抓取完整评论 微博id: 4937621183139118
2023-10-09 23:37:57,322 - INFO - 正在下载转发 微博id:4937621183139118
2023-10-09 23:37:57,452 - WARNING - 未能抓取完整转发 微博id: 4937621183139118
2023-10-09 23:38:02,458 - INFO - 正在下载评论 微博id:4937587259608203
2023-10-09 23:38:05,252 - WARNING - 未能抓取完整评论 微博id: 4937587259608203
2023-10-09 23:38:08,264 - INFO - 正在下载转发 微博id:4937587259608203
2023-10-09 23:38:08,384 - WARNING - 未能抓取完整转发 微博id: 4937587259608203
2023-10-09 23:38:12,394 - INFO - 正在下载评论 微博id:4936389365601599
2023-10-09 23:38:18,185 - WARNING - 未能抓取完整评论 微博id: 4936389365601599
2023-10-09 23:38:23,189 - INFO - 正在下载转发 微博id:4936389365601599
2023-10-09 23:38:23,305 - WARNING - 未能抓取完整转发 微博id: 4936389365601599
2023-10-09 23:38:23,308 - INFO - 正在下载评论 微博id:4936132674194340
2023-10-09 23:38:25,882 - WARNING - 未能抓取完整评论 微博id: 4936132674194340
2023-10-09 23:38:31,895 - INFO - 正在下载转发 微博id:4936132674194340
2023-10-09 23:38:32,047 - WARNING - 未能抓取完整转发 微博id: 4936132674194340
2023-10-09 23:38:35,059 - INFO - 正在下载评论 微博id:4935423002677732
2023-10-09 23:38:37,889 - WARNING - 未能抓取完整评论 微博id: 4935423002677732
2023-10-09 23:38:40,903 - INFO - 正在下载转发 微博id:4935423002677732
2023-10-09 23:38:41,032 - WARNING - 未能抓取完整转发 微博id: 4935423002677732
2023-10-09 23:38:47,042 - INFO - 正在下载评论 微博id:4935324847838377
2023-10-09 23:38:50,783 - WARNING - 未能抓取完整评论 微博id: 4935324847838377
2023-10-09 23:38:55,795 - INFO - 正在下载转发 微博id:4935324847838377
2023-10-09 23:38:55,918 - WARNING - 未能抓取完整转发 微博id: 4935324847838377
2023-10-09 23:39:01,927 - INFO - 正在下载评论 微博id:4934577426006761
2023-10-09 23:39:05,712 - WARNING - 未能抓取完整评论 微博id: 4934577426006761
2023-10-09 23:39:11,742 - INFO - 正在下载转发 微博id:4934577426006761
2023-10-09 23:39:11,878 - WARNING - 未能抓取完整转发 微博id: 4934577426006761
2023-10-09 23:39:17,900 - INFO - 正在下载评论 微博id:4934215038929270
2023-10-09 23:39:23,557 - WARNING - 未能抓取完整评论 微博id: 4934215038929270
2023-10-09 23:39:28,566 - INFO - 正在下载转发 微博id:4934215038929270
2023-10-09 23:39:28,702 - WARNING - 未能抓取完整转发 微博id: 4934215038929270
2023-10-09 23:39:31,715 - INFO - 正在下载评论 微博id:4933852655517779
2023-10-09 23:39:33,697 - WARNING - 未能抓取完整评论 微博id: 4933852655517779
2023-10-09 23:39:38,711 - INFO - 正在下载转发 微博id:4933852655517779
2023-10-09 23:39:38,852 - WARNING - 未能抓取完整转发 微博id: 4933852655517779
2023-10-09 23:39:44,865 - INFO - 正在下载评论 微博id:4933583909422316
2023-10-09 23:39:47,389 - WARNING - 未能抓取完整评论 微博id: 4933583909422316
2023-10-09 23:39:53,399 - INFO - 正在下载转发 微博id:4933583909422316
2023-10-09 23:39:53,548 - WARNING - 未能抓取完整转发 微博id: 4933583909422316
2023-10-09 23:39:58,559 - INFO - 正在下载评论 微博id:4933112439505151
2023-10-09 23:40:02,228 - WARNING - 未能抓取完整评论 微博id: 4933112439505151
2023-10-09 23:40:07,241 - INFO - 正在下载转发 微博id:4933112439505151
2023-10-09 23:40:07,366 - WARNING - 未能抓取完整转发 微博id: 4933112439505151
2023-10-09 23:40:10,374 - INFO - 微博爬取完成，共爬取28条微博
2023-10-09 23:40:10,374 - INFO - 信息抓取完毕
2023-10-09 23:40:10,374 - INFO - ****************************************************************************************************
2023-10-09 23:40:10,374 - INFO - 短暂sleep 42秒，避免被ban
2023-10-09 23:40:52,377 - INFO - sleep结束
2023-10-09 23:40:52,625 - INFO - 准备搜集 李佳琦Austin 的微博
2023-10-09 23:40:52,851 - INFO - 已获取用户 李佳琦Austin 的微博，内容为 《所有女生的offer3》第二集
护肤、美妆、卸妆都到位！#所有女生的offer# 
李佳琦Austin的微博视频
 
2023-10-09 23:40:52,851 - INFO - 已获取用户 李佳琦Austin 的微博，内容为 《所有女生的offer3》特别篇（下）
岛上谈判，背水一战！大offer，我来了！#所有女生的offer# 
李佳琦Austin的微博视频
 
2023-10-09 23:40:52,852 - INFO - 已获取用户 李佳琦Austin 的微博，内容为 《所有女生的offer3》特别篇（上）
不谈offer？和新老朋友的快乐小岛团建来咯！#所有女生的offer# 
李佳琦Austin的微博视频
 
2023-10-09 23:40:52,853 - INFO - 已获取用户 李佳琦Austin 的微博，内容为 祝福祖国，国泰民安，繁荣昌盛！#庆祝新中国成立74周年#
2023-10-09 23:40:52,853 - INFO - 已获取用户 李佳琦Austin 的微博，内容为 母婴节来咯~正在直播中，场面异常火爆，小伙伴们速来围观~
微博直播
 
2023-10-09 23:40:52,853 - INFO - 已获取用户 李佳琦Austin 的微博，内容为 铭记历史，吾辈自强！
2023-10-09 23:41:36,522 - INFO - 已获取用户 李佳琦Austin 的微博，内容为 今天没有用“所有女生”开头，因为李佳琦让大家失望了，在看这条微博的所有人，对不起。
我刚刚结束今天的工作，昨天我在直播间回应产品评论时，说了些不恰当、让大家不舒服的话。今天工作的时候我也一直在反思，在回想，如果我是评论里的那位女生，会多失望啊。
我本就是一个彩妆柜台销售员，深知大家 ...
全文
2023-10-09 23:41:36,524 - INFO - 已获取用户 李佳琦Austin 的微博，内容为 爆款好价单品推荐中~正在直播中，场面异常火爆，小伙伴们速来围观~
微博直播
 
2023-10-09 23:41:36,525 - INFO - 已获取用户 李佳琦Austin 的微博，内容为 分享在内蒙出差的趣事
就一个要求，不要截表情包[老师爱你] 
李佳琦Austin的微博视频
  
抽奖详情
 
2023-10-09 23:41:36,526 - INFO - 已获取用户 李佳琦Austin 的微博，内容为 99大促第四波来咯~正在直播中，场面异常火爆，小伙伴们速来围观~
微博直播
 
2023-10-09 23:41:36,526 - INFO - ------------------------------已获取李佳琦Austin(1968758563)的第1页微博------------------------------
2023-10-09 23:41:36,845 - INFO - 已获取用户 李佳琦Austin 的微博，内容为 99大促第三波来咯~正在直播中，场面异常火爆，小伙伴们速来围观~
微博直播
 
2023-10-09 23:41:36,845 - INFO - 已获取用户 李佳琦Austin 的微博，内容为 99大促第二波来咯~正在直播中，场面异常火爆，小伙伴们速来围观~
微博直播
 
2023-10-09 23:41:36,845 - INFO - 已获取用户 李佳琦Austin 的微博，内容为 在草原上追到的落日余晖
最近好多地方的落霞都好美呀
你们都有拍吗？ 
2023-10-09 23:41:36,846 - INFO - 已获取用户 李佳琦Austin 的微博，内容为 我好累，offer好大
今年主打我卑微 
2023-10-09 23:41:36,846 - INFO - 已获取用户 李佳琦Austin 的微博，内容为 看到了日出也看到了漫天星辰
还遇见一只很有缘的小狗
已经迫不及待回去跟你们分享这里的故事了 
2023-10-09 23:41:36,846 - INFO - 已获取用户 李佳琦Austin 的微博，内容为 全品类好物助播专场~正在直播中，场面异常火爆，小伙伴们速来围观~
微博直播
 
2023-10-09 23:41:36,846 - INFO - 已获取用户 李佳琦Austin 的微博，内容为 个护家清小专场来咯~正在直播中，场面异常火爆，小伙伴们速来围观~
微博直播
 
2023-10-09 23:41:36,846 - INFO - 已获取用户 李佳琦Austin 的微博，内容为 是接到大广告的女明星nene了！
 
2023-10-09 23:41:36,846 - INFO - 已获取用户 李佳琦Austin 的微博，内容为  
2023-10-09 23:41:36,847 - INFO - 已获取用户 李佳琦Austin 的微博，内容为 在优时颜微笑照相馆，我遇见了几位特别的女生。这是镜头里记录下的，属于她们的微笑故事……#李佳琦在照相馆打工# 
李佳琦Austin的微博视频
 
2023-10-09 23:41:36,847 - INFO - ------------------------------已获取李佳琦Austin(1968758563)的第2页微博------------------------------
2023-10-09 23:41:37,303 - INFO - ------------------------------已获取李佳琦Austin(1968758563)的第3页微博------------------------------
2023-10-09 23:41:37,306 - INFO - 20条微博写入csv文件完毕,保存路径:
2023-10-09 23:41:37,306 - INFO - /Users/kshao/Desktop/weibo-crawler-master/weibo/李佳琦Austin/1968758563.csv
2023-10-09 23:41:37,309 - INFO - 正在下载评论 微博id:4954901345207820
2023-10-09 23:41:40,752 - WARNING - 未能抓取完整评论 微博id: 4954901345207820
2023-10-09 23:41:46,770 - INFO - 正在下载转发 微博id:4954901345207820
2023-10-09 23:41:46,926 - WARNING - 未能抓取完整转发 微博id: 4954901345207820
2023-10-09 23:41:52,940 - INFO - 正在下载评论 微博id:4954599356893911
2023-10-09 23:41:56,743 - WARNING - 未能抓取完整评论 微博id: 4954599356893911
2023-10-09 23:41:59,763 - INFO - 正在下载转发 微博id:4954599356893911
2023-10-09 23:41:59,934 - WARNING - 未能抓取完整转发 微博id: 4954599356893911
2023-10-09 23:42:02,946 - INFO - 正在下载评论 微博id:4954538954459468
2023-10-09 23:42:09,222 - INFO - 正在下载转发 微博id:4954538954459468
2023-10-09 23:42:09,399 - WARNING - 未能抓取完整转发 微博id: 4954538954459468
2023-10-09 23:42:12,418 - INFO - 正在下载评论 微博id:4951837645210914
2023-10-09 23:42:16,109 - WARNING - 未能抓取完整评论 微博id: 4951837645210914
2023-10-09 23:42:22,135 - INFO - 正在下载转发 微博id:4951837645210914
2023-10-09 23:42:22,295 - WARNING - 未能抓取完整转发 微博id: 4951837645210914
2023-10-09 23:42:26,310 - INFO - 正在下载评论 微博id:4947773079158815
2023-10-09 23:42:29,238 - WARNING - 未能抓取完整评论 微博id: 4947773079158815
2023-10-09 23:42:35,258 - INFO - 正在下载转发 微博id:4947773079158815
2023-10-09 23:42:35,407 - WARNING - 未能抓取完整转发 微博id: 4947773079158815
2023-10-09 23:42:38,417 - INFO - 正在下载评论 微博id:4947320250303612
2023-10-09 23:42:41,086 - WARNING - 未能抓取完整评论 微博id: 4947320250303612
2023-10-09 23:42:44,103 - INFO - 正在下载转发 微博id:4947320250303612
2023-10-09 23:42:44,315 - WARNING - 未能抓取完整转发 微博id: 4947320250303612
2023-10-09 23:42:47,336 - INFO - 正在下载评论 微博id:4944598297740136
2023-10-09 23:42:50,941 - WARNING - 未能抓取完整评论 微博id: 4944598297740136
2023-10-09 23:42:53,955 - INFO - 正在下载转发 微博id:4944598297740136
2023-10-09 23:42:54,125 - WARNING - 未能抓取完整转发 微博id: 4944598297740136
2023-10-09 23:42:59,142 - INFO - 正在下载评论 微博id:4944482783466211
2023-10-09 23:43:01,856 - WARNING - 未能抓取完整评论 微博id: 4944482783466211
2023-10-09 23:43:07,878 - INFO - 正在下载转发 微博id:4944482783466211
2023-10-09 23:43:07,976 - WARNING - 未能抓取完整转发 微博id: 4944482783466211
2023-10-09 23:43:12,988 - INFO - 正在下载评论 微博id:4944399279327480
2023-10-09 23:43:15,584 - WARNING - 未能抓取完整评论 微博id: 4944399279327480
2023-10-09 23:43:21,597 - INFO - 正在下载转发 微博id:4944399279327480
2023-10-09 23:43:21,745 - WARNING - 未能抓取完整转发 微博id: 4944399279327480
2023-10-09 23:43:26,750 - INFO - 正在下载评论 微博id:4944106116617230
2023-10-09 23:43:31,372 - WARNING - 未能抓取完整评论 微博id: 4944106116617230
2023-10-09 23:43:35,387 - INFO - 正在下载转发 微博id:4944106116617230
2023-10-09 23:43:35,512 - WARNING - 未能抓取完整转发 微博id: 4944106116617230
2023-10-09 23:43:35,516 - INFO - 正在下载评论 微博id:4943743373543979
2023-10-09 23:43:39,180 - WARNING - 未能抓取完整评论 微博id: 4943743373543979
2023-10-09 23:43:44,195 - INFO - 正在下载转发 微博id:4943743373543979
2023-10-09 23:43:44,291 - WARNING - 未能抓取完整转发 微博id: 4943743373543979
2023-10-09 23:43:49,300 - INFO - 正在下载评论 微博id:4943380536888053
2023-10-09 23:43:52,026 - WARNING - 未能抓取完整评论 微博id: 4943380536888053
2023-10-09 23:43:55,044 - INFO - 正在下载转发 微博id:4943380536888053
2023-10-09 23:43:55,228 - WARNING - 未能抓取完整转发 微博id: 4943380536888053
2023-10-09 23:44:00,246 - INFO - 正在下载评论 微博id:4942689130777902
2023-10-09 23:44:02,897 - WARNING - 未能抓取完整评论 微博id: 4942689130777902
2023-10-09 23:44:06,913 - INFO - 正在下载转发 微博id:4942689130777902
2023-10-09 23:44:07,044 - WARNING - 未能抓取完整转发 微博id: 4942689130777902
2023-10-09 23:44:10,057 - INFO - 正在下载评论 微博id:4941589158040584
2023-10-09 23:44:14,908 - WARNING - 未能抓取完整评论 微博id: 4941589158040584
2023-10-09 23:44:19,926 - INFO - 正在下载转发 微博id:4941589158040584
2023-10-09 23:44:20,064 - WARNING - 未能抓取完整转发 微博id: 4941589158040584
2023-10-09 23:44:24,078 - INFO - 正在下载评论 微博id:4939296124966079
2023-10-09 23:44:25,714 - WARNING - 未能抓取完整评论 微博id: 4939296124966079
2023-10-09 23:44:30,732 - INFO - 正在下载转发 微博id:4939296124966079
2023-10-09 23:44:30,872 - WARNING - 未能抓取完整转发 微博id: 4939296124966079
2023-10-09 23:44:35,888 - INFO - 正在下载评论 微博id:4939047052512312
2023-10-09 23:44:37,955 - WARNING - 未能抓取完整评论 微博id: 4939047052512312
2023-10-09 23:44:42,973 - INFO - 正在下载转发 微博id:4939047052512312
2023-10-09 23:44:43,110 - WARNING - 未能抓取完整转发 微博id: 4939047052512312
2023-10-09 23:44:47,124 - INFO - 正在下载评论 微博id:4938684654161409
2023-10-09 23:44:52,869 - WARNING - 未能抓取完整评论 微博id: 4938684654161409
2023-10-09 23:44:56,884 - INFO - 正在下载转发 微博id:4938684654161409
2023-10-09 23:44:57,034 - WARNING - 未能抓取完整转发 微博id: 4938684654161409
2023-10-09 23:45:00,050 - INFO - 正在下载评论 微博id:4938031813363713
2023-10-09 23:45:01,742 - WARNING - 未能抓取完整评论 微博id: 4938031813363713
2023-10-09 23:45:07,762 - INFO - 正在下载转发 微博id:4938031813363713
2023-10-09 23:45:07,908 - WARNING - 未能抓取完整转发 微博id: 4938031813363713
2023-10-09 23:45:10,920 - INFO - 正在下载评论 微博id:4936122667107855
2023-10-09 23:45:14,503 - WARNING - 未能抓取完整评论 微博id: 4936122667107855
2023-10-09 23:45:18,513 - INFO - 正在下载转发 微博id:4936122667107855
2023-10-09 23:45:18,625 - WARNING - 未能抓取完整转发 微博id: 4936122667107855
2023-10-09 23:45:23,639 - INFO - 正在下载评论 微博id:4934622733141145
2023-10-09 23:45:29,297 - WARNING - 未能抓取完整评论 微博id: 4934622733141145
2023-10-09 23:45:35,316 - INFO - 正在下载转发 微博id:4934622733141145
2023-10-09 23:45:35,471 - WARNING - 未能抓取完整转发 微博id: 4934622733141145
2023-10-09 23:45:35,480 - INFO - 微博爬取完成，共爬取20条微博
2023-10-09 23:45:35,481 - INFO - 信息抓取完毕
2023-10-09 23:45:35,481 - INFO - ****************************************************************************************************
2023-10-10 10:51:50,013 - INFO - 李佳琦Austin 信息写入csv文件完毕，保存路径: /Users/kshao/Desktop/weibo-crawler-master/weibo/users.csv
2023-10-10 10:51:50,018 - INFO - 准备搜集 李佳琦Austin 的微博
2023-10-10 10:51:50,226 - INFO - 已获取用户 李佳琦Austin 的微博，内容为 《所有女生的offer3》第二集
护肤、美妆、卸妆都到位！#所有女生的offer# 
李佳琦Austin的微博视频
 
2023-10-10 10:51:50,227 - INFO - 已获取用户 李佳琦Austin 的微博，内容为 《所有女生的offer3》特别篇（下）
岛上谈判，背水一战！大offer，我来了！#所有女生的offer# 
李佳琦Austin的微博视频
 
2023-10-10 10:51:50,227 - INFO - 已获取用户 李佳琦Austin 的微博，内容为 《所有女生的offer3》特别篇（上）
不谈offer？和新老朋友的快乐小岛团建来咯！#所有女生的offer# 
李佳琦Austin的微博视频
 
2023-10-10 10:51:50,227 - INFO - 已获取用户 李佳琦Austin 的微博，内容为 祝福祖国，国泰民安，繁荣昌盛！#庆祝新中国成立74周年#
2023-10-10 10:51:50,227 - INFO - 已获取用户 李佳琦Austin 的微博，内容为 母婴节来咯~正在直播中，场面异常火爆，小伙伴们速来围观~
微博直播
 
2023-10-10 10:51:50,228 - INFO - 已获取用户 李佳琦Austin 的微博，内容为 铭记历史，吾辈自强！
2023-10-10 10:52:29,726 - INFO - 已获取用户 李佳琦Austin 的微博，内容为 今天没有用“所有女生”开头，因为李佳琦让大家失望了，在看这条微博的所有人，对不起。
我刚刚结束今天的工作，昨天我在直播间回应产品评论时，说了些不恰当、让大家不舒服的话。今天工作的时候我也一直在反思，在回想，如果我是评论里的那位女生，会多失望啊。
我本就是一个彩妆柜台销售员，深知大家 ...
全文
2023-10-10 10:52:29,727 - INFO - 已获取用户 李佳琦Austin 的微博，内容为 爆款好价单品推荐中~正在直播中，场面异常火爆，小伙伴们速来围观~
微博直播
 
2023-10-10 10:52:29,728 - INFO - 已获取用户 李佳琦Austin 的微博，内容为 分享在内蒙出差的趣事
就一个要求，不要截表情包[老师爱你] 
李佳琦Austin的微博视频
  
抽奖详情
 
2023-10-10 10:52:29,729 - INFO - 已获取用户 李佳琦Austin 的微博，内容为 99大促第四波来咯~正在直播中，场面异常火爆，小伙伴们速来围观~
微博直播
 
2023-10-10 10:52:29,729 - INFO - ------------------------------已获取李佳琦Austin(1968758563)的第1页微博------------------------------
2023-10-10 10:52:29,934 - INFO - 已获取用户 李佳琦Austin 的微博，内容为 99大促第三波来咯~正在直播中，场面异常火爆，小伙伴们速来围观~
微博直播
 
2023-10-10 10:52:29,934 - INFO - 已获取用户 李佳琦Austin 的微博，内容为 99大促第二波来咯~正在直播中，场面异常火爆，小伙伴们速来围观~
微博直播
 
2023-10-10 10:52:29,934 - INFO - 已获取用户 李佳琦Austin 的微博，内容为 在草原上追到的落日余晖
最近好多地方的落霞都好美呀
你们都有拍吗？ 
2023-10-10 10:52:29,934 - INFO - 已获取用户 李佳琦Austin 的微博，内容为 我好累，offer好大
今年主打我卑微 
2023-10-10 10:52:29,934 - INFO - 已获取用户 李佳琦Austin 的微博，内容为 看到了日出也看到了漫天星辰
还遇见一只很有缘的小狗
已经迫不及待回去跟你们分享这里的故事了 
2023-10-10 10:52:29,934 - INFO - 已获取用户 李佳琦Austin 的微博，内容为 全品类好物助播专场~正在直播中，场面异常火爆，小伙伴们速来围观~
微博直播
 
2023-10-10 10:52:29,935 - INFO - 已获取用户 李佳琦Austin 的微博，内容为 个护家清小专场来咯~正在直播中，场面异常火爆，小伙伴们速来围观~
微博直播
 
2023-10-10 10:52:29,935 - INFO - 已获取用户 李佳琦Austin 的微博，内容为 是接到大广告的女明星nene了！
 
2023-10-10 10:52:29,935 - INFO - 已获取用户 李佳琦Austin 的微博，内容为  
2023-10-10 10:52:29,935 - INFO - 已获取用户 李佳琦Austin 的微博，内容为 在优时颜微笑照相馆，我遇见了几位特别的女生。这是镜头里记录下的，属于她们的微笑故事……#李佳琦在照相馆打工# 
李佳琦Austin的微博视频
 
2023-10-10 10:52:29,935 - INFO - ------------------------------已获取李佳琦Austin(1968758563)的第2页微博------------------------------
2023-10-10 10:52:30,128 - INFO - ------------------------------已获取李佳琦Austin(1968758563)的第3页微博------------------------------
2023-10-10 10:52:30,129 - INFO - 20条微博写入csv文件完毕,保存路径:
2023-10-10 10:52:30,129 - INFO - /Users/kshao/Desktop/weibo-crawler-master/weibo/李佳琦Austin/1968758563.csv
2023-10-10 10:52:30,130 - INFO - 正在下载评论 微博id:4954901345207820
2023-10-10 10:52:31,647 - WARNING - 未能抓取完整评论 微博id: 4954901345207820
2023-10-10 10:52:36,658 - INFO - 正在下载转发 微博id:4954901345207820
2023-10-10 10:52:36,758 - WARNING - 未能抓取完整转发 微博id: 4954901345207820
2023-10-10 10:52:41,769 - INFO - 正在下载评论 微博id:4954599356893911
2023-10-10 10:52:44,275 - WARNING - 未能抓取完整评论 微博id: 4954599356893911
2023-10-10 10:52:47,287 - INFO - 正在下载转发 微博id:4954599356893911
2023-10-10 10:52:47,389 - WARNING - 未能抓取完整转发 微博id: 4954599356893911
2023-10-10 10:52:51,399 - INFO - 正在下载评论 微博id:4954538954459468
2023-10-10 10:52:55,999 - WARNING - 未能抓取完整评论 微博id: 4954538954459468
2023-10-10 10:53:01,004 - INFO - 正在下载转发 微博id:4954538954459468
2023-10-10 10:53:01,157 - WARNING - 未能抓取完整转发 微博id: 4954538954459468
2023-10-10 10:53:05,165 - INFO - 正在下载评论 微博id:4951837645210914
2023-10-10 10:53:10,938 - WARNING - 未能抓取完整评论 微博id: 4951837645210914
2023-10-10 10:53:16,946 - INFO - 正在下载转发 微博id:4951837645210914
2023-10-10 10:53:17,089 - WARNING - 未能抓取完整转发 微博id: 4951837645210914
2023-10-10 10:53:23,097 - INFO - 正在下载评论 微博id:4947773079158815
2023-10-10 10:53:27,252 - WARNING - 未能抓取完整评论 微博id: 4947773079158815
2023-10-10 10:53:32,272 - INFO - 正在下载转发 微博id:4947773079158815
2023-10-10 10:53:32,470 - WARNING - 未能抓取完整转发 微博id: 4947773079158815
2023-10-10 10:53:37,478 - INFO - 正在下载评论 微博id:4947320250303612
2023-10-10 10:53:42,165 - WARNING - 未能抓取完整评论 微博id: 4947320250303612
2023-10-10 10:53:48,184 - INFO - 正在下载转发 微博id:4947320250303612
2023-10-10 10:53:48,307 - WARNING - 未能抓取完整转发 微博id: 4947320250303612
2023-10-10 10:53:52,319 - INFO - 正在下载评论 微博id:4944598297740136
2023-10-10 10:53:58,486 - WARNING - 未能抓取完整评论 微博id: 4944598297740136
2023-10-10 10:54:01,504 - INFO - 正在下载转发 微博id:4944598297740136
2023-10-10 10:54:01,858 - WARNING - 未能抓取完整转发 微博id: 4944598297740136
2023-10-10 10:54:06,871 - INFO - 正在下载评论 微博id:4944482783466211
2023-10-10 10:54:12,642 - WARNING - 未能抓取完整评论 微博id: 4944482783466211
2023-10-10 10:54:18,650 - INFO - 正在下载转发 微博id:4944482783466211
2023-10-10 10:54:18,740 - WARNING - 未能抓取完整转发 微博id: 4944482783466211
2023-10-10 10:54:23,749 - INFO - 正在下载评论 微博id:4944399279327480
2023-10-10 10:54:28,200 - WARNING - 未能抓取完整评论 微博id: 4944399279327480
2023-10-10 10:54:34,207 - INFO - 正在下载转发 微博id:4944399279327480
2023-10-10 10:54:34,309 - WARNING - 未能抓取完整转发 微博id: 4944399279327480
2023-10-10 10:54:37,318 - INFO - 正在下载评论 微博id:4944106116617230
2023-10-10 10:54:39,841 - WARNING - 未能抓取完整评论 微博id: 4944106116617230
2023-10-10 10:54:44,849 - INFO - 正在下载转发 微博id:4944106116617230
2023-10-10 10:54:44,935 - WARNING - 未能抓取完整转发 微博id: 4944106116617230
2023-10-10 10:54:44,938 - INFO - 正在下载评论 微博id:4943743373543979
2023-10-10 10:54:49,440 - WARNING - 未能抓取完整评论 微博id: 4943743373543979
2023-10-10 10:54:52,450 - INFO - 正在下载转发 微博id:4943743373543979
2023-10-10 10:54:52,551 - WARNING - 未能抓取完整转发 微博id: 4943743373543979
2023-10-10 10:54:55,560 - INFO - 正在下载评论 微博id:4943380536888053
2023-10-10 10:55:01,061 - WARNING - 未能抓取完整评论 微博id: 4943380536888053
2023-10-10 10:55:07,071 - INFO - 正在下载转发 微博id:4943380536888053
2023-10-10 10:55:07,203 - WARNING - 未能抓取完整转发 微博id: 4943380536888053
2023-10-10 10:55:12,213 - INFO - 正在下载评论 微博id:4942689130777902
2023-10-10 10:55:17,686 - WARNING - 未能抓取完整评论 微博id: 4942689130777902
2023-10-10 10:55:22,696 - INFO - 正在下载转发 微博id:4942689130777902
2023-10-10 10:55:22,826 - WARNING - 未能抓取完整转发 微博id: 4942689130777902
2023-10-10 12:10:57,942 - INFO - 花西子Florasis 信息写入csv文件完毕，保存路径: /Users/kshao/Desktop/weibo-crawler-master/weibo/users.csv
2023-10-10 12:10:57,945 - INFO - 准备搜集 花西子Florasis 的微博
2023-10-10 12:10:58,158 - INFO - 已获取用户 花西子Florasis 的微博，内容为 ó 9   g  N  ¨R  
2023-10-10 12:10:58,159 - INFO - 已获取用户 花西子Florasis 的微博，内容为 曲水流「香」，礼待天下。
隐园-萧山国际机场季节快闪店来了！
从T4航站楼国际出发区出发，踏上花西子的“丝绸之路”。#花西子妆点亚运##花西子隐园东方待客之道# 
花西子Florasis的微博视频
 
2023-10-10 12:10:58,159 - INFO - 已获取用户 花西子Florasis 的微博，内容为 桂香袅袅，故里逢秋时。
月光皎皎，团圆在中秋。
中秋节至，月满人间；岁月明朗，月圆人安。
花西子与卿共赏月圆，祝卿中秋喜乐，事事如愿~#中秋节# 
2023-10-10 12:10:58,159 - INFO - 已获取用户 花西子Florasis 的微博，内容为 在东方园林，见证曲水流香 #花西子妆点亚运##花西子隐园东方待客之道# 
花西子Florasis的微博视频
 
2023-10-10 12:10:58,159 - INFO - 已获取用户 花西子Florasis 的微博，内容为 #我有一个梦想# 
为国货之崛起而奋斗！祝大家双节快乐！
                         ——国货助梦大使 花西子 
2023-10-10 12:10:58,159 - INFO - 已获取用户 花西子Florasis 的微博，内容为 #我有一个梦想#很开心能通过彩妆向世界讲述中国故事，让更多人看到国货，认可东方之美。花西子会继续努力做好产品，在海外传扬文化自信，让世界欣赏东方美。
2023-10-10 12:10:58,159 - INFO - 已获取用户 花西子Florasis 的微博，内容为 #我有一个梦想#我，花西子，6岁半，我有一个梦想，做一个立足本土，走向世界的高端品牌。 
2023-10-10 12:10:58,160 - INFO - 已获取用户 花西子Florasis 的微博，内容为 东方之美，妆点亚运。
作为杭州亚运会官方供应商，花西子走进亚运开幕式化妆间，为开幕式演员和嘉宾们提供妆容服务，以东方之美妆点亚运。
花西子与卿共同期待在世界舞台上展现不一样的东方魅力，共同为亚运力量喝彩！#花西子妆点亚运##杭州亚运会# 
2023-10-10 12:11:48,997 - INFO - 李佳琦Austin 信息写入csv文件完毕，保存路径: /Users/kshao/Desktop/weibo-crawler-master/weibo/users.csv
2023-10-10 12:11:48,997 - INFO - 准备搜集 李佳琦Austin 的微博
2023-10-10 12:11:49,431 - INFO - 已获取用户 李佳琦Austin 的微博，内容为 《所有女生的offer3》第三集
美眉们！美白特长生们来咯！#所有女生的offer# 
李佳琦Austin的微博视频
 
2023-10-10 12:11:49,432 - INFO - 已获取用户 李佳琦Austin 的微博，内容为 《所有女生的offer3》第二集
护肤、美妆、卸妆都到位！#所有女生的offer# 
李佳琦Austin的微博视频
 
2023-10-10 12:11:49,432 - INFO - 已获取用户 李佳琦Austin 的微博，内容为 《所有女生的offer3》特别篇（下）
岛上谈判，背水一战！大offer，我来了！#所有女生的offer# 
李佳琦Austin的微博视频
 
2023-10-10 12:11:49,432 - INFO - 已获取用户 李佳琦Austin 的微博，内容为 《所有女生的offer3》特别篇（上）
不谈offer？和新老朋友的快乐小岛团建来咯！#所有女生的offer# 
李佳琦Austin的微博视频
 
2023-10-10 12:11:49,432 - INFO - 已获取用户 李佳琦Austin 的微博，内容为 祝福祖国，国泰民安，繁荣昌盛！#庆祝新中国成立74周年#
2023-10-10 12:11:49,433 - INFO - 已获取用户 李佳琦Austin 的微博，内容为 母婴节来咯~正在直播中，场面异常火爆，小伙伴们速来围观~
微博直播
 
2023-10-10 12:11:49,433 - INFO - 已获取用户 李佳琦Austin 的微博，内容为 铭记历史，吾辈自强！
